<?xml version="1.0" encoding="UTF-8"?>
<testsuites>
  <testsuite name="Crucible" tests="1583" assertions="12223" failures="0" errors="0" skipped="2" time="98.541965">
    <testsuite name="LucianoPereira\Crucible\Tests\Architecture\ArchDependencyTest" file="tests/unit/Architecture/ArchDependencyTest.php" tests="5" assertions="54" failures="0" errors="0" skipped="0" time="21.609975">
      <testcase name="testASiblingReferenceInsideTheTargetIsNotAUse" file="tests/unit/Architecture/ArchDependencyTest.php" line="77" class="LucianoPereira\Crucible\Tests\Architecture\ArchDependencyTest" classname="LucianoPereira.Crucible.Tests.Architecture.ArchDependencyTest" assertions="6" time="3.726238"/>
      <testcase name="testAReferenceOutOfTheTargetIsAUse" file="tests/unit/Architecture/ArchDependencyTest.php" line="83" class="LucianoPereira\Crucible\Tests\Architecture\ArchDependencyTest" classname="LucianoPereira.Crucible.Tests.Architecture.ArchDependencyTest" assertions="6" time="1.414520"/>
      <testcase name="testASiblingReferenceDoesMakeAClassUsed" file="tests/unit/Architecture/ArchDependencyTest.php" line="105" class="LucianoPereira\Crucible\Tests\Architecture\ArchDependencyTest" classname="LucianoPereira.Crucible.Tests.Architecture.ArchDependencyTest" assertions="6" time="3.571643"/>
      <testcase name="testAReferenceFromOutsideMakesAClassUsed" file="tests/unit/Architecture/ArchDependencyTest.php" line="111" class="LucianoPereira\Crucible\Tests\Architecture\ArchDependencyTest" classname="LucianoPereira.Crucible.Tests.Architecture.ArchDependencyTest" assertions="6" time="3.577041"/>
      <testcase name="testBothSpellingsAgreeOnEveryCase" file="tests/unit/Architecture/ArchDependencyTest.php" line="125" class="LucianoPereira\Crucible\Tests\Architecture\ArchDependencyTest" classname="LucianoPereira.Crucible.Tests.Architecture.ArchDependencyTest" assertions="30" time="9.320533"/>
    </testsuite>
    <testsuite name="LucianoPereira\Crucible\Tests\Architecture\ArchRuleTest" file="tests/unit/Architecture/ArchRuleTest.php" tests="22" assertions="97" failures="0" errors="0" skipped="0" time="21.923102">
      <testcase name="testANamespacePrefixTargetsEverythingBeneathIt" file="tests/unit/Architecture/ArchRuleTest.php" line="45" class="LucianoPereira\Crucible\Tests\Architecture\ArchRuleTest" classname="LucianoPereira.Crucible.Tests.Architecture.ArchRuleTest" assertions="4" time="0.685549"/>
      <testcase name="testTheDependencyRuleNamesTheOffendingPair" file="tests/unit/Architecture/ArchRuleTest.php" line="52" class="LucianoPereira\Crucible\Tests\Architecture\ArchRuleTest" classname="LucianoPereira.Crucible.Tests.Architecture.ArchRuleTest" assertions="4" time="0.705871"/>
      <testcase name="testARealLayeringRuleHolds" file="tests/unit/Architecture/ArchRuleTest.php" line="65" class="LucianoPereira\Crucible\Tests\Architecture\ArchRuleTest" classname="LucianoPereira.Crucible.Tests.Architecture.ArchRuleTest" assertions="4" time="0.711671"/>
      <testcase name="testIgnoringRemovesClassesFromTheTargetSet" file="tests/unit/Architecture/ArchRuleTest.php" line="83" class="LucianoPereira\Crucible\Tests\Architecture\ArchRuleTest" classname="LucianoPereira.Crucible.Tests.Architecture.ArchRuleTest" assertions="4" time="0.697678"/>
      <testcase name="testWildcardsMatchWithinAndAcrossSegments" file="tests/unit/Architecture/ArchRuleTest.php" line="109" class="LucianoPereira\Crucible\Tests\Architecture\ArchRuleTest" classname="LucianoPereira.Crucible.Tests.Architecture.ArchRuleTest" assertions="7" time="2.078685"/>
      <testcase name="testARuleThatMatchesNothingFails" file="tests/unit/Architecture/ArchRuleTest.php" line="120" class="LucianoPereira\Crucible\Tests\Architecture\ArchRuleTest" classname="LucianoPereira.Crucible.Tests.Architecture.ArchRuleTest" assertions="2" time="0.688538"/>
      <testcase name="testARuleWithNoExpectationFails" file="tests/unit/Architecture/ArchRuleTest.php" line="130" class="LucianoPereira\Crucible\Tests\Architecture\ArchRuleTest" classname="LucianoPereira.Crucible.Tests.Architecture.ArchRuleTest" assertions="3" time="0.689176"/>
      <testcase name="testTheInverseLayeringRuleFindsTheFarSideCrossing" file="tests/unit/Architecture/ArchRuleTest.php" line="138" class="LucianoPereira\Crucible\Tests\Architecture\ArchRuleTest" classname="LucianoPereira.Crucible.Tests.Architecture.ArchRuleTest" assertions="4" time="1.791353"/>
      <testcase name="testAViolationOfTheInverseRuleIsReported" file="tests/unit/Architecture/ArchRuleTest.php" line="149" class="LucianoPereira\Crucible\Tests\Architecture\ArchRuleTest" classname="LucianoPereira.Crucible.Tests.Architecture.ArchRuleTest" assertions="4" time="1.784096"/>
      <testcase name="testTraitsAreTraitsAndNotClasses" file="tests/unit/Architecture/ArchRuleTest.php" line="167" class="LucianoPereira\Crucible\Tests\Architecture\ArchRuleTest" classname="LucianoPereira.Crucible.Tests.Architecture.ArchRuleTest" assertions="4" time="0.690247"/>
      <testcase name="testATraitNamespaceIsNotClasses" file="tests/unit/Architecture/ArchRuleTest.php" line="174" class="LucianoPereira\Crucible\Tests\Architecture\ArchRuleTest" classname="LucianoPereira.Crucible.Tests.Architecture.ArchRuleTest" assertions="4" time="0.687364"/>
      <testcase name="testAnEnumIsAnEnum" file="tests/unit/Architecture/ArchRuleTest.php" line="182" class="LucianoPereira\Crucible\Tests\Architecture\ArchRuleTest" classname="LucianoPereira.Crucible.Tests.Architecture.ArchRuleTest" assertions="4" time="0.686652"/>
      <testcase name="testBackingIsPartOfTheShape" file="tests/unit/Architecture/ArchRuleTest.php" line="189" class="LucianoPereira\Crucible\Tests\Architecture\ArchRuleTest" classname="LucianoPereira.Crucible.Tests.Architecture.ArchRuleTest" assertions="7" time="1.372552"/>
      <testcase name="testAnIntBackedEnumIsNotStringBacked" file="tests/unit/Architecture/ArchRuleTest.php" line="197" class="LucianoPereira\Crucible\Tests\Architecture\ArchRuleTest" classname="LucianoPereira.Crucible.Tests.Architecture.ArchRuleTest" assertions="4" time="0.685617"/>
      <testcase name="testAnUnbackedEnumIsBackedByNothing" file="tests/unit/Architecture/ArchRuleTest.php" line="205" class="LucianoPereira\Crucible\Tests\Architecture\ArchRuleTest" classname="LucianoPereira.Crucible.Tests.Architecture.ArchRuleTest" assertions="7" time="1.371983"/>
      <testcase name="testExtendingAndImplementingNothing" file="tests/unit/Architecture/ArchRuleTest.php" line="216" class="LucianoPereira\Crucible\Tests\Architecture\ArchRuleTest" classname="LucianoPereira.Crucible.Tests.Architecture.ArchRuleTest" assertions="7" time="1.375095"/>
      <testcase name="testStrictEqualityIsReadFromTheSource" file="tests/unit/Architecture/ArchRuleTest.php" line="234" class="LucianoPereira\Crucible\Tests\Architecture\ArchRuleTest" classname="LucianoPereira.Crucible.Tests.Architecture.ArchRuleTest" assertions="4" time="0.686154"/>
      <testcase name="testUsedInNothingIsAnEmptyAllowlist" file="tests/unit/Architecture/ArchRuleTest.php" line="241" class="LucianoPereira\Crucible\Tests\Architecture\ArchRuleTest" classname="LucianoPereira.Crucible.Tests.Architecture.ArchRuleTest" assertions="4" time="1.793157"/>
      <testcase name="testEveryClassIsNamedAsItsPathImplies" file="tests/unit/Architecture/ArchRuleTest.php" line="257" class="LucianoPereira\Crucible\Tests\Architecture\ArchRuleTest" classname="LucianoPereira.Crucible.Tests.Architecture.ArchRuleTest" assertions="4" time="0.683999"/>
      <testcase name="testMethodsAreCheckedOnlyWhereTheyAreDeclared" file="tests/unit/Architecture/ArchRuleTest.php" line="264" class="LucianoPereira\Crucible\Tests\Architecture\ArchRuleTest" classname="LucianoPereira.Crucible.Tests.Architecture.ArchRuleTest" assertions="4" time="0.685594"/>
      <testcase name="testAnUndocumentedMethodIsReported" file="tests/unit/Architecture/ArchRuleTest.php" line="275" class="LucianoPereira\Crucible\Tests\Architecture\ArchRuleTest" classname="LucianoPereira.Crucible.Tests.Architecture.ArchRuleTest" assertions="4" time="0.685903"/>
      <testcase name="testPropertiesSkipPromotedOnes" file="tests/unit/Architecture/ArchRuleTest.php" line="287" class="LucianoPereira\Crucible\Tests\Architecture\ArchRuleTest" classname="LucianoPereira.Crucible.Tests.Architecture.ArchRuleTest" assertions="4" time="0.686168"/>
    </testsuite>
    <testsuite name="tests.unit.Architecture.rules.pest" file="tests/unit/Architecture/rules.pest.php" tests="3" assertions="9" failures="0" errors="0" skipped="0" time="0.014627">
      <testcase name="event objects are immutable" file="tests/unit/Architecture/rules.pest.php" line="0" class="tests.unit.Architecture.rules.pest" classname="tests.unit.Architecture.rules.pest" assertions="3" time="0.004690"/>
      <testcase name="the impact tier never reaches the browser tier" file="tests/unit/Architecture/rules.pest.php" line="0" class="tests.unit.Architecture.rules.pest" classname="tests.unit.Architecture.rules.pest" assertions="3" time="0.003908"/>
      <testcase name="the retrigger endpoint stays inside the watch tier" file="tests/unit/Architecture/rules.pest.php" line="0" class="tests.unit.Architecture.rules.pest" classname="tests.unit.Architecture.rules.pest" assertions="3" time="0.006029"/>
    </testsuite>
    <testsuite name="LucianoPereira\Crucible\Tests\Assert\AssertTest" file="tests/unit/Assert/AssertTest.php" tests="11" assertions="95" failures="0" errors="0" skipped="0" time="0.008618">
      <testcase name="testIdentityAndCounting" file="tests/unit/Assert/AssertTest.php" line="34" class="LucianoPereira\Crucible\Tests\Assert\AssertTest" classname="LucianoPereira.Crucible.Tests.Assert.AssertTest" assertions="6" time="0.000689"/>
      <testcase name="testSameOnStringsCarriesStructuredDiff" file="tests/unit/Assert/AssertTest.php" line="46" class="LucianoPereira\Crucible\Tests\Assert\AssertTest" classname="LucianoPereira.Crucible.Tests.Assert.AssertTest" assertions="5" time="0.000832"/>
      <testcase name="testEqualityFamilies" file="tests/unit/Assert/AssertTest.php" line="59" class="LucianoPereira\Crucible\Tests\Assert\AssertTest" classname="LucianoPereira.Crucible.Tests.Assert.AssertTest" assertions="8" time="0.001037"/>
      <testcase name="testBooleanNullAndEmptiness" file="tests/unit/Assert/AssertTest.php" line="72" class="LucianoPereira\Crucible\Tests\Assert\AssertTest" classname="LucianoPereira.Crucible.Tests.Assert.AssertTest" assertions="11" time="0.000707"/>
      <testcase name="testCountsAndSizes" file="tests/unit/Assert/AssertTest.php" line="88" class="LucianoPereira\Crucible\Tests\Assert\AssertTest" classname="LucianoPereira.Crucible.Tests.Assert.AssertTest" assertions="7" time="0.000663"/>
      <testcase name="testComparisons" file="tests/unit/Assert/AssertTest.php" line="104" class="LucianoPereira\Crucible\Tests\Assert\AssertTest" classname="LucianoPereira.Crucible.Tests.Assert.AssertTest" assertions="6" time="0.000690"/>
      <testcase name="testIterableFamilies" file="tests/unit/Assert/AssertTest.php" line="115" class="LucianoPereira\Crucible\Tests\Assert\AssertTest" classname="LucianoPereira.Crucible.Tests.Assert.AssertTest" assertions="12" time="0.000891"/>
      <testcase name="testStringFamilies" file="tests/unit/Assert/AssertTest.php" line="132" class="LucianoPereira\Crucible\Tests\Assert\AssertTest" classname="LucianoPereira.Crucible.Tests.Assert.AssertTest" assertions="12" time="0.000953"/>
      <testcase name="testObjectAndTypeFamilies" file="tests/unit/Assert/AssertTest.php" line="149" class="LucianoPereira\Crucible\Tests\Assert\AssertTest" classname="LucianoPereira.Crucible.Tests.Assert.AssertTest" assertions="18" time="0.000912"/>
      <testcase name="testFilesystemFamilies" file="tests/unit/Assert/AssertTest.php" line="176" class="LucianoPereira\Crucible\Tests\Assert\AssertTest" classname="LucianoPereira.Crucible.Tests.Assert.AssertTest" assertions="6" time="0.000656"/>
      <testcase name="testFailThrowsAndPrependsCustomMessages" file="tests/unit/Assert/AssertTest.php" line="187" class="LucianoPereira\Crucible\Tests\Assert\AssertTest" classname="LucianoPereira.Crucible.Tests.Assert.AssertTest" assertions="4" time="0.000587"/>
    </testsuite>
    <testsuite name="LucianoPereira\Crucible\Tests\Assert\AssertTrancheTest" file="tests/unit/Assert/AssertTrancheTest.php" tests="8" assertions="69" failures="0" errors="0" skipped="0" time="0.006674">
      <testcase name="testCaseAndLineEndingInsensitiveEquality" file="tests/unit/Assert/AssertTrancheTest.php" line="44" class="LucianoPereira\Crucible\Tests\Assert\AssertTrancheTest" classname="LucianoPereira.Crucible.Tests.Assert.AssertTrancheTest" assertions="7" time="0.000923"/>
      <testcase name="testFloatSpecials" file="tests/unit/Assert/AssertTrancheTest.php" line="56" class="LucianoPereira\Crucible\Tests\Assert\AssertTrancheTest" classname="LucianoPereira.Crucible.Tests.Assert.AssertTrancheTest" assertions="7" time="0.000746"/>
      <testcase name="testObjectEqualsUsesTheDeclaredProtocol" file="tests/unit/Assert/AssertTrancheTest.php" line="68" class="LucianoPereira\Crucible\Tests\Assert\AssertTrancheTest" classname="LucianoPereira.Crucible.Tests.Assert.AssertTrancheTest" assertions="3" time="0.000630"/>
      <testcase name="testStringMatchesFormat" file="tests/unit/Assert/AssertTrancheTest.php" line="91" class="LucianoPereira\Crucible\Tests\Assert\AssertTrancheTest" classname="LucianoPereira.Crucible.Tests.Assert.AssertTrancheTest" assertions="9" time="0.000789"/>
      <testcase name="testFileContentEquality" file="tests/unit/Assert/AssertTrancheTest.php" line="105" class="LucianoPereira\Crucible\Tests\Assert\AssertTrancheTest" classname="LucianoPereira.Crucible.Tests.Assert.AssertTrancheTest" assertions="11" time="0.001349"/>
      <testcase name="testMissingFileIsAFailureNotAnError" file="tests/unit/Assert/AssertTrancheTest.php" line="122" class="LucianoPereira\Crucible\Tests\Assert\AssertTrancheTest" classname="LucianoPereira.Crucible.Tests.Assert.AssertTrancheTest" assertions="1" time="0.000483"/>
      <testcase name="testJsonComparisons" file="tests/unit/Assert/AssertTrancheTest.php" line="130" class="LucianoPereira\Crucible\Tests\Assert\AssertTrancheTest" classname="LucianoPereira.Crucible.Tests.Assert.AssertTrancheTest" assertions="17" time="0.000931"/>
      <testcase name="testReadabilityAndWritability" file="tests/unit/Assert/AssertTrancheTest.php" line="143" class="LucianoPereira\Crucible\Tests\Assert\AssertTrancheTest" classname="LucianoPereira.Crucible.Tests.Assert.AssertTrancheTest" assertions="14" time="0.000822"/>
    </testsuite>
    <testsuite name="LucianoPereira\Crucible\Tests\Assert\DifferTest" file="tests/unit/Assert/DifferTest.php" tests="4" assertions="7" failures="0" errors="0" skipped="0" time="0.002761">
      <testcase name="testMarksRemovalsAdditionsAndContext" file="tests/unit/Assert/DifferTest.php" line="20" class="LucianoPereira\Crucible\Tests\Assert\DifferTest" classname="LucianoPereira.Crucible.Tests.Assert.DifferTest" assertions="1" time="0.000597"/>
      <testcase name="testPureAdditionAndRemoval" file="tests/unit/Assert/DifferTest.php" line="30" class="LucianoPereira\Crucible\Tests\Assert\DifferTest" classname="LucianoPereira.Crucible.Tests.Assert.DifferTest" assertions="2" time="0.000604"/>
      <testcase name="testContextCollapsesTheUnchangedRunsAroundEachChange" file="tests/unit/Assert/DifferTest.php" line="42" class="LucianoPereira\Crucible\Tests\Assert\DifferTest" classname="LucianoPereira.Crucible.Tests.Assert.DifferTest" assertions="3" time="0.000914"/>
      <testcase name="testWithoutContextEveryUnchangedLineSurvives" file="tests/unit/Assert/DifferTest.php" line="74" class="LucianoPereira\Crucible\Tests\Assert\DifferTest" classname="LucianoPereira.Crucible.Tests.Assert.DifferTest" assertions="1" time="0.000645"/>
    </testsuite>
    <testsuite name="LucianoPereira\Crucible\Tests\Assert\EqualitySemanticsTest" file="tests/unit/Assert/EqualitySemanticsTest.php" tests="11" assertions="22" failures="0" errors="0" skipped="0" time="0.006452">
      <testcase name="testNumericJugglingBetweenNumberAndNumericString" file="tests/unit/Assert/EqualitySemanticsTest.php" line="24" class="LucianoPereira\Crucible\Tests\Assert\EqualitySemanticsTest" classname="LucianoPereira.Crucible.Tests.Assert.EqualitySemanticsTest" assertions="3" time="0.000563"/>
      <testcase name="testTwoStringsNeverJuggleNumerically" file="tests/unit/Assert/EqualitySemanticsTest.php" line="31" class="LucianoPereira\Crucible\Tests\Assert\EqualitySemanticsTest" classname="LucianoPereira.Crucible.Tests.Assert.EqualitySemanticsTest" assertions="2" time="0.000563"/>
      <testcase name="testNanIsNeverEqual" file="tests/unit/Assert/EqualitySemanticsTest.php" line="37" class="LucianoPereira\Crucible\Tests\Assert\EqualitySemanticsTest" classname="LucianoPereira.Crucible.Tests.Assert.EqualitySemanticsTest" assertions="1" time="0.000530"/>
      <testcase name="testDeltaAppliesToNumbersAndRecursesIntoArrays" file="tests/unit/Assert/EqualitySemanticsTest.php" line="42" class="LucianoPereira\Crucible\Tests\Assert\EqualitySemanticsTest" classname="LucianoPereira.Crucible.Tests.Assert.EqualitySemanticsTest" assertions="3" time="0.000621"/>
      <testcase name="testArraysCompareByKeysOrderInsensitive" file="tests/unit/Assert/EqualitySemanticsTest.php" line="49" class="LucianoPereira\Crucible\Tests\Assert\EqualitySemanticsTest" classname="LucianoPereira.Crucible.Tests.Assert.EqualitySemanticsTest" assertions="2" time="0.000682"/>
      <testcase name="testCanonicalizeComparesListsAsMultisets" file="tests/unit/Assert/EqualitySemanticsTest.php" line="55" class="LucianoPereira\Crucible\Tests\Assert\EqualitySemanticsTest" classname="LucianoPereira.Crucible.Tests.Assert.EqualitySemanticsTest" assertions="2" time="0.000601"/>
      <testcase name="testDateTimesCompareByInstant" file="tests/unit/Assert/EqualitySemanticsTest.php" line="61" class="LucianoPereira\Crucible\Tests\Assert\EqualitySemanticsTest" classname="LucianoPereira.Crucible.Tests.Assert.EqualitySemanticsTest" assertions="1" time="0.000542"/>
      <testcase name="testObjectsCompareByClassAndPropertiesRecursively" file="tests/unit/Assert/EqualitySemanticsTest.php" line="69" class="LucianoPereira\Crucible\Tests\Assert\EqualitySemanticsTest" classname="LucianoPereira.Crucible.Tests.Assert.EqualitySemanticsTest" assertions="2" time="0.000631"/>
      <testcase name="testCyclicObjectGraphsDoNotRecurseForever" file="tests/unit/Assert/EqualitySemanticsTest.php" line="84" class="LucianoPereira\Crucible\Tests\Assert\EqualitySemanticsTest" classname="LucianoPereira.Crucible.Tests.Assert.EqualitySemanticsTest" assertions="1" time="0.000569"/>
      <testcase name="testAStringableObjectEqualsItsStringForm" file="tests/unit/Assert/EqualitySemanticsTest.php" line="100" class="LucianoPereira\Crucible\Tests\Assert\EqualitySemanticsTest" classname="LucianoPereira.Crucible.Tests.Assert.EqualitySemanticsTest" assertions="3" time="0.000598"/>
      <testcase name="testANonStringableObjectIsNeverEqualToAString" file="tests/unit/Assert/EqualitySemanticsTest.php" line="114" class="LucianoPereira\Crucible\Tests\Assert\EqualitySemanticsTest" classname="LucianoPereira.Crucible.Tests.Assert.EqualitySemanticsTest" assertions="2" time="0.000550"/>
    </testsuite>
    <testsuite name="LucianoPereira\Crucible\Tests\Assert\ExporterTest" file="tests/unit/Assert/ExporterTest.php" tests="6" assertions="14" failures="0" errors="0" skipped="0" time="0.003305">
      <testcase name="testScalars" file="tests/unit/Assert/ExporterTest.php" line="22" class="LucianoPereira\Crucible\Tests\Assert\ExporterTest" classname="LucianoPereira.Crucible.Tests.Assert.ExporterTest" assertions="6" time="0.000554"/>
      <testcase name="testArraysAreMultilineAndNested" file="tests/unit/Assert/ExporterTest.php" line="32" class="LucianoPereira\Crucible\Tests\Assert\ExporterTest" classname="LucianoPereira.Crucible.Tests.Assert.ExporterTest" assertions="2" time="0.000543"/>
      <testcase name="testObjectsExportClassAndProperties" file="tests/unit/Assert/ExporterTest.php" line="41" class="LucianoPereira\Crucible\Tests\Assert\ExporterTest" classname="LucianoPereira.Crucible.Tests.Assert.ExporterTest" assertions="1" time="0.000625"/>
      <testcase name="testObjectRecursionIsGuarded" file="tests/unit/Assert/ExporterTest.php" line="49" class="LucianoPereira\Crucible\Tests\Assert\ExporterTest" classname="LucianoPereira.Crucible.Tests.Assert.ExporterTest" assertions="1" time="0.000539"/>
      <testcase name="testEnumsExportAsClassAndCase" file="tests/unit/Assert/ExporterTest.php" line="57" class="LucianoPereira\Crucible\Tests\Assert\ExporterTest" classname="LucianoPereira.Crucible.Tests.Assert.ExporterTest" assertions="1" time="0.000514"/>
      <testcase name="testDescribeIsShortForCompoundValues" file="tests/unit/Assert/ExporterTest.php" line="65" class="LucianoPereira\Crucible\Tests\Assert\ExporterTest" classname="LucianoPereira.Crucible.Tests.Assert.ExporterTest" assertions="3" time="0.000530"/>
    </testsuite>
    <testsuite name="LucianoPereira\Crucible\Tests\Bridge\Laravel\BrowserKernelHandlerTest" file="tests/unit/Bridge/Laravel/BrowserKernelHandlerTest.php" tests="5" assertions="22" failures="0" errors="0" skipped="0" time="0.290287">
      <testcase name="testAnUnbootedApplicationIsNamedRatherThanFatal" file="tests/unit/Bridge/Laravel/BrowserKernelHandlerTest.php" line="72" class="LucianoPereira\Crucible\Tests\Bridge\Laravel\BrowserKernelHandlerTest" classname="LucianoPereira.Crucible.Tests.Bridge.Laravel.BrowserKernelHandlerTest" assertions="3" time="0.058321"/>
      <testcase name="testTheKernelsResponseIsCarriedBackWhole" file="tests/unit/Bridge/Laravel/BrowserKernelHandlerTest.php" line="80" class="LucianoPereira\Crucible\Tests\Bridge\Laravel\BrowserKernelHandlerTest" classname="LucianoPereira.Crucible.Tests.Bridge.Laravel.BrowserKernelHandlerTest" assertions="5" time="0.057196"/>
      <testcase name="testTheResponseHeadersArriveWithoutTheOnesTheRendererOwns" file="tests/unit/Bridge/Laravel/BrowserKernelHandlerTest.php" line="91" class="LucianoPereira\Crucible\Tests\Bridge\Laravel\BrowserKernelHandlerTest" classname="LucianoPereira.Crucible.Tests.Bridge.Laravel.BrowserKernelHandlerTest" assertions="6" time="0.059550"/>
      <testcase name="testTheKernelIsTerminatedAfterTheResponse" file="tests/unit/Bridge/Laravel/BrowserKernelHandlerTest.php" line="101" class="LucianoPereira\Crucible\Tests\Bridge\Laravel\BrowserKernelHandlerTest" classname="LucianoPereira.Crucible.Tests.Bridge.Laravel.BrowserKernelHandlerTest" assertions="3" time="0.057442"/>
      <testcase name="testTheRequestReachesTheKernelIntact" file="tests/unit/Bridge/Laravel/BrowserKernelHandlerTest.php" line="110" class="LucianoPereira\Crucible\Tests\Bridge\Laravel\BrowserKernelHandlerTest" classname="LucianoPereira.Crucible.Tests.Bridge.Laravel.BrowserKernelHandlerTest" assertions="5" time="0.057777"/>
    </testsuite>
    <testsuite name="LucianoPereira\Crucible\Tests\Bridge\Laravel\CrucibleServiceProviderTest" file="tests/unit/Bridge/Laravel/CrucibleServiceProviderTest.php" tests="3" assertions="12" failures="0" errors="0" skipped="0" time="0.536268">
      <testcase name="testTheArtisanTestCommandIsRegisteredOnBoot" file="tests/unit/Bridge/Laravel/CrucibleServiceProviderTest.php" line="44" class="LucianoPereira\Crucible\Tests\Bridge\Laravel\CrucibleServiceProviderTest" classname="LucianoPereira.Crucible.Tests.Bridge.Laravel.CrucibleServiceProviderTest" assertions="3" time="0.177510"/>
      <testcase name="testAWorkerTokenArmsLaravelsParallelTestingFlag" file="tests/unit/Bridge/Laravel/CrucibleServiceProviderTest.php" line="54" class="LucianoPereira\Crucible\Tests\Bridge\Laravel\CrucibleServiceProviderTest" classname="LucianoPereira.Crucible.Tests.Bridge.Laravel.CrucibleServiceProviderTest" assertions="4" time="0.178517"/>
      <testcase name="testASequentialRunLeavesTheParallelFlagAlone" file="tests/unit/Bridge/Laravel/CrucibleServiceProviderTest.php" line="62" class="LucianoPereira\Crucible\Tests\Bridge\Laravel\CrucibleServiceProviderTest" classname="LucianoPereira.Crucible.Tests.Bridge.Laravel.CrucibleServiceProviderTest" assertions="5" time="0.180240"/>
    </testsuite>
    <testsuite name="LucianoPereira\Crucible\Tests\Bridge\PestLaravel\FakeTestbenchLikeFixture" file="tests/unit/Bridge/PestLaravel/FunctionsTest.php" tests="2" assertions="2" failures="0" errors="0" skipped="0" time="0.001245">
      <testcase name="testEachProxyForwardsToTheCurrentTestInstance" file="tests/unit/Bridge/PestLaravel/FunctionsTest.php" line="128" class="LucianoPereira\Crucible\Tests\Bridge\PestLaravel\FakeTestbenchLikeFixture" classname="LucianoPereira.Crucible.Tests.Bridge.PestLaravel.FakeTestbenchLikeFixture" assertions="1" time="0.000740"/>
      <testcase name="testCallingAProxyOutsideARunningTestThrows" file="tests/unit/Bridge/PestLaravel/FunctionsTest.php" line="155" class="LucianoPereira\Crucible\Tests\Bridge\PestLaravel\FakeTestbenchLikeFixture" classname="LucianoPereira.Crucible.Tests.Bridge.PestLaravel.FakeTestbenchLikeFixture" assertions="1" time="0.000505"/>
    </testsuite>
    <testsuite name="LucianoPereira\Crucible\Tests\Bridge\PestSnapshots\FinalFixture" file="tests/unit/Bridge/PestSnapshots/AutoMixedTraitTest.php" tests="2" assertions="3" failures="0" errors="0" skipped="0" time="0.001165">
      <testcase name="testReturnsNothingWhenTheSnapshotsPackageIsNotInstalled" file="tests/unit/Bridge/PestSnapshots/AutoMixedTraitTest.php" line="35" class="LucianoPereira\Crucible\Tests\Bridge\PestSnapshots\FinalFixture" classname="LucianoPereira.Crucible.Tests.Bridge.PestSnapshots.FinalFixture" assertions="1" time="0.000628"/>
      <testcase name="testReturnsNothingForAFinalClassEither" file="tests/unit/Bridge/PestSnapshots/AutoMixedTraitTest.php" line="43" class="LucianoPereira\Crucible\Tests\Bridge\PestSnapshots\FinalFixture" classname="LucianoPereira.Crucible.Tests.Bridge.PestSnapshots.FinalFixture" assertions="2" time="0.000536"/>
    </testsuite>
    <testsuite name="LucianoPereira\Crucible\Tests\Bridge\PestSnapshots\FakeSnapshotTestCase" file="tests/unit/Bridge/PestSnapshots/FunctionsTest.php" tests="4" assertions="4" failures="0" errors="0" skipped="0" time="0.002296">
      <testcase name="testCallingAProxyOutsideARunningTestThrows" file="tests/unit/Bridge/PestSnapshots/FunctionsTest.php" line="86" class="LucianoPereira\Crucible\Tests\Bridge\PestSnapshots\FakeSnapshotTestCase" classname="LucianoPereira.Crucible.Tests.Bridge.PestSnapshots.FakeSnapshotTestCase" assertions="1" time="0.000515"/>
      <testcase name="testProxyRefusesAnInstanceThatDoesNotActuallyUseTheRealTrait" file="tests/unit/Bridge/PestSnapshots/FunctionsTest.php" line="93" class="LucianoPereira\Crucible\Tests\Bridge\PestSnapshots\FakeSnapshotTestCase" classname="LucianoPereira.Crucible.Tests.Bridge.PestSnapshots.FakeSnapshotTestCase" assertions="1" time="0.000570"/>
      <testcase name="testExpectMatcherRefusesAnInstanceThatDoesNotActuallyUseTheRealTrait" file="tests/unit/Bridge/PestSnapshots/FunctionsTest.php" line="114" class="LucianoPereira\Crucible\Tests\Bridge\PestSnapshots\FakeSnapshotTestCase" classname="LucianoPereira.Crucible.Tests.Bridge.PestSnapshots.FakeSnapshotTestCase" assertions="1" time="0.000677"/>
      <testcase name="testToMatchSnapshotResolvesToCruciblesOwnNativeMatcherNotSpaties" file="tests/unit/Bridge/PestSnapshots/FunctionsTest.php" line="131" class="LucianoPereira\Crucible\Tests\Bridge\PestSnapshots\FakeSnapshotTestCase" classname="LucianoPereira.Crucible.Tests.Bridge.PestSnapshots.FakeSnapshotTestCase" assertions="1" time="0.000534"/>
    </testsuite>
    <testsuite name="LucianoPereira\Crucible\Tests\Bridge\PestSnapshots\SnapshotIdentityWrapperTest" file="tests/unit/Bridge/PestSnapshots/SnapshotIdentityWrapperTest.php" tests="9" assertions="25" failures="0" errors="0" skipped="0" time="0.024051">
      <testcase name="testAClassUsingTheTraitIsWrappedInASubclassOfIt" file="tests/unit/Bridge/PestSnapshots/SnapshotIdentityWrapperTest.php" line="53" class="LucianoPereira\Crucible\Tests\Bridge\PestSnapshots\SnapshotIdentityWrapperTest" classname="LucianoPereira.Crucible.Tests.Bridge.PestSnapshots.SnapshotIdentityWrapperTest" assertions="3" time="0.007485"/>
      <testcase name="testAClassWithoutTheTraitIsLeftAlone" file="tests/unit/Bridge/PestSnapshots/SnapshotIdentityWrapperTest.php" line="65" class="LucianoPereira\Crucible\Tests\Bridge\PestSnapshots\SnapshotIdentityWrapperTest" classname="LucianoPereira.Crucible.Tests.Bridge.PestSnapshots.SnapshotIdentityWrapperTest" assertions="1" time="0.000605"/>
      <testcase name="testTheTraitCountsWhereverItIsInherited" file="tests/unit/Bridge/PestSnapshots/SnapshotIdentityWrapperTest.php" line="76" class="LucianoPereira\Crucible\Tests\Bridge\PestSnapshots\SnapshotIdentityWrapperTest" classname="LucianoPereira.Crucible.Tests.Bridge.PestSnapshots.SnapshotIdentityWrapperTest" assertions="3" time="0.006417"/>
      <testcase name="testTheTraitCountsWhenAnotherTraitBringsIt" file="tests/unit/Bridge/PestSnapshots/SnapshotIdentityWrapperTest.php" line="86" class="LucianoPereira\Crucible\Tests\Bridge\PestSnapshots\SnapshotIdentityWrapperTest" classname="LucianoPereira.Crucible.Tests.Bridge.PestSnapshots.SnapshotIdentityWrapperTest" assertions="2" time="0.006215"/>
      <testcase name="testEachClassGetsItsOwnWrapperEvenSharingAParent" file="tests/unit/Bridge/PestSnapshots/SnapshotIdentityWrapperTest.php" line="94" class="LucianoPereira\Crucible\Tests\Bridge\PestSnapshots\SnapshotIdentityWrapperTest" classname="LucianoPereira.Crucible.Tests.Bridge.PestSnapshots.SnapshotIdentityWrapperTest" assertions="1" time="0.000586"/>
      <testcase name="testAFinalClassIsRefusedRatherThanCompiledIntoAFatal" file="tests/unit/Bridge/PestSnapshots/SnapshotIdentityWrapperTest.php" line="104" class="LucianoPereira\Crucible\Tests\Bridge\PestSnapshots\SnapshotIdentityWrapperTest" classname="LucianoPereira.Crucible.Tests.Bridge.PestSnapshots.SnapshotIdentityWrapperTest" assertions="2" time="0.000583"/>
      <testcase name="testTheGeneratedIdentityResolvesForATestWithNoDataset" file="tests/unit/Bridge/PestSnapshots/SnapshotIdentityWrapperTest.php" line="128" class="LucianoPereira\Crucible\Tests\Bridge\PestSnapshots\SnapshotIdentityWrapperTest" classname="LucianoPereira.Crucible.Tests.Bridge.PestSnapshots.SnapshotIdentityWrapperTest" assertions="3" time="0.000674"/>
      <testcase name="testEachDatasetRowGetsItsOwnSnapshotIdentity" file="tests/unit/Bridge/PestSnapshots/SnapshotIdentityWrapperTest.php" line="135" class="LucianoPereira\Crucible\Tests\Bridge\PestSnapshots\SnapshotIdentityWrapperTest" classname="LucianoPereira.Crucible.Tests.Bridge.PestSnapshots.SnapshotIdentityWrapperTest" assertions="7" time="0.000763"/>
      <testcase name="testANamedDatasetRowCarriesItsLabel" file="tests/unit/Bridge/PestSnapshots/SnapshotIdentityWrapperTest.php" line="149" class="LucianoPereira\Crucible\Tests\Bridge\PestSnapshots\SnapshotIdentityWrapperTest" classname="LucianoPereira.Crucible.Tests.Bridge.PestSnapshots.SnapshotIdentityWrapperTest" assertions="3" time="0.000722"/>
    </testsuite>
    <testsuite name="LucianoPereira\Crucible\Tests\Browser\BrowsingTest" file="tests/unit/Browser/BrowsingTest.php" tests="5" assertions="10" failures="0" errors="0" skipped="0" time="0.646229">
      <testcase name="testExplicitlyDisabledMeansSkip" file="tests/unit/Browser/BrowsingTest.php" line="43" class="LucianoPereira\Crucible\Tests\Browser\BrowsingTest" classname="LucianoPereira.Crucible.Tests.Browser.BrowsingTest" assertions="1" time="0.000642"/>
      <testcase name="testRelativeUrlsAreANamedRefusal" file="tests/unit/Browser/BrowsingTest.php" line="61" class="LucianoPereira\Crucible\Tests\Browser\BrowsingTest" classname="LucianoPereira.Crucible.Tests.Browser.BrowsingTest" assertions="1" time="0.000564"/>
      <testcase name="testFailureScreenshotIsNullWithoutAVisit" file="tests/unit/Browser/BrowsingTest.php" line="77" class="LucianoPereira\Crucible\Tests\Browser\BrowsingTest" classname="LucianoPereira.Crucible.Tests.Browser.BrowsingTest" assertions="1" time="0.000640"/>
      <testcase name="testFailureScreenshotWritesThePng" file="tests/unit/Browser/BrowsingTest.php" line="86" class="LucianoPereira\Crucible\Tests\Browser\BrowsingTest" classname="LucianoPereira.Crucible.Tests.Browser.BrowsingTest" assertions="3" time="0.643501"/>
      <testcase name="testAMissingScreenshotSaysWhyAndOnlyADeadSessionIsAPrecondition" file="tests/unit/Browser/BrowsingTest.php" line="127" class="LucianoPereira\Crucible\Tests\Browser\BrowsingTest" classname="LucianoPereira.Crucible.Tests.Browser.BrowsingTest" assertions="4" time="0.000883"/>
    </testsuite>
    <testsuite name="LucianoPereira\Crucible\Tests\Browser\DriverSessionTest" file="tests/unit/Browser/DriverSessionTest.php" tests="2" assertions="14" failures="0" errors="0" skipped="0" time="1.413980">
      <testcase name="testDrivesARealBrowserEndToEnd" file="tests/unit/Browser/DriverSessionTest.php" line="37" class="LucianoPereira\Crucible\Tests\Browser\DriverSessionTest" classname="LucianoPereira.Crucible.Tests.Browser.DriverSessionTest" assertions="1" time="0.635465"/>
      <testcase name="testTheInteractionSurfaceAgainstARealPage" file="tests/unit/Browser/DriverSessionTest.php" line="56" class="LucianoPereira\Crucible\Tests\Browser\DriverSessionTest" classname="LucianoPereira.Crucible.Tests.Browser.DriverSessionTest" assertions="13" time="0.778515"/>
    </testsuite>
    <testsuite name="LucianoPereira\Crucible\Tests\Browser\EnvironmentSimulationTest" file="tests/unit/Browser/EnvironmentSimulationTest.php" tests="2" assertions="49" failures="0" errors="0" skipped="0" time="2.698089">
      <testcase name="testDeviceCityDarkModeAndOverrides" file="tests/unit/Browser/EnvironmentSimulationTest.php" line="38" class="LucianoPereira\Crucible\Tests\Browser\EnvironmentSimulationTest" classname="LucianoPereira.Crucible.Tests.Browser.EnvironmentSimulationTest" assertions="12" time="0.778830"/>
      <testcase name="testEveryPresetProducesAContext" file="tests/unit/Browser/EnvironmentSimulationTest.php" line="88" class="LucianoPereira\Crucible\Tests\Browser\EnvironmentSimulationTest" classname="LucianoPereira.Crucible.Tests.Browser.EnvironmentSimulationTest" assertions="37" time="1.919259"/>
    </testsuite>
    <testsuite name="LucianoPereira\Crucible\Tests\Browser\FrameBufferTest" file="tests/unit/Browser/FrameBufferTest.php" tests="3" assertions="9" failures="0" errors="0" skipped="0" time="0.001729">
      <testcase name="testFramesEmergeOnlyWhenComplete" file="tests/unit/Browser/FrameBufferTest.php" line="25" class="LucianoPereira\Crucible\Tests\Browser\FrameBufferTest" classname="LucianoPereira.Crucible.Tests.Browser.FrameBufferTest" assertions="5" time="0.000669"/>
      <testcase name="testSeveralFramesInOneChunk" file="tests/unit/Browser/FrameBufferTest.php" line="43" class="LucianoPereira\Crucible\Tests\Browser\FrameBufferTest" classname="LucianoPereira.Crucible.Tests.Browser.FrameBufferTest" assertions="3" time="0.000560"/>
      <testcase name="testGarbagePayloadIsANamedProtocolError" file="tests/unit/Browser/FrameBufferTest.php" line="55" class="LucianoPereira\Crucible\Tests\Browser\FrameBufferTest" classname="LucianoPereira.Crucible.Tests.Browser.FrameBufferTest" assertions="1" time="0.000500"/>
    </testsuite>
    <testsuite name="LucianoPereira\Crucible\Tests\Browser\FrameStreamTest" file="tests/unit/Browser/FrameStreamTest.php" tests="5" assertions="11" failures="0" errors="0" skipped="0" time="0.003321">
      <testcase name="testRoundTripsAMessage" file="tests/unit/Browser/FrameStreamTest.php" line="26" class="LucianoPereira\Crucible\Tests\Browser\FrameStreamTest" classname="LucianoPereira.Crucible.Tests.Browser.FrameStreamTest" assertions="2" time="0.000601"/>
      <testcase name="testRoundTripsSeveralFramesInSequence" file="tests/unit/Browser/FrameStreamTest.php" line="38" class="LucianoPereira\Crucible\Tests\Browser\FrameStreamTest" classname="LucianoPereira.Crucible.Tests.Browser.FrameStreamTest" assertions="3" time="0.000610"/>
      <testcase name="testShortLengthPrefixIsANamedProtocolError" file="tests/unit/Browser/FrameStreamTest.php" line="49" class="LucianoPereira\Crucible\Tests\Browser\FrameStreamTest" classname="LucianoPereira.Crucible.Tests.Browser.FrameStreamTest" assertions="2" time="0.000581"/>
      <testcase name="testTruncatedPayloadIsANamedProtocolError" file="tests/unit/Browser/FrameStreamTest.php" line="61" class="LucianoPereira\Crucible\Tests\Browser\FrameStreamTest" classname="LucianoPereira.Crucible.Tests.Browser.FrameStreamTest" assertions="2" time="0.000899"/>
      <testcase name="testNonJsonPayloadIsANamedProtocolError" file="tests/unit/Browser/FrameStreamTest.php" line="73" class="LucianoPereira\Crucible\Tests\Browser\FrameStreamTest" classname="LucianoPereira.Crucible.Tests.Browser.FrameStreamTest" assertions="2" time="0.000631"/>
    </testsuite>
    <testsuite name="LucianoPereira\Crucible\Tests\Browser\HealthChecksTest" file="tests/unit/Browser/HealthChecksTest.php" tests="4" assertions="17" failures="0" errors="0" skipped="0" time="1.481278">
      <testcase name="testConsoleLogSemantics" file="tests/unit/Browser/HealthChecksTest.php" line="42" class="LucianoPereira\Crucible\Tests\Browser\HealthChecksTest" classname="LucianoPereira.Crucible.Tests.Browser.HealthChecksTest" assertions="6" time="0.675643"/>
      <testcase name="testJavaScriptErrorSemantics" file="tests/unit/Browser/HealthChecksTest.php" line="61" class="LucianoPereira\Crucible\Tests\Browser\HealthChecksTest" classname="LucianoPereira.Crucible.Tests.Browser.HealthChecksTest" assertions="5" time="0.125132"/>
      <testcase name="testAccessibilityViaAxe" file="tests/unit/Browser/HealthChecksTest.php" line="82" class="LucianoPereira\Crucible\Tests\Browser\HealthChecksTest" classname="LucianoPereira.Crucible.Tests.Browser.HealthChecksTest" assertions="4" time="0.551332"/>
      <testcase name="testScreenshotBytesArePng" file="tests/unit/Browser/HealthChecksTest.php" line="103" class="LucianoPereira\Crucible\Tests\Browser\HealthChecksTest" classname="LucianoPereira.Crucible.Tests.Browser.HealthChecksTest" assertions="2" time="0.129171"/>
    </testsuite>
    <testsuite name="LucianoPereira\Crucible\Tests\Browser\InProcessServerTest" file="tests/unit/Browser/InProcessServerTest.php" tests="1" assertions="7" failures="0" errors="0" skipped="0" time="0.748215">
      <testcase name="testServedRequestsShareTheTestProcessState" file="tests/unit/Browser/InProcessServerTest.php" line="39" class="LucianoPereira\Crucible\Tests\Browser\InProcessServerTest" classname="LucianoPereira.Crucible.Tests.Browser.InProcessServerTest" assertions="7" time="0.748215"/>
    </testsuite>
    <testsuite name="LucianoPereira\Crucible\Tests\Browser\InertiaTest" file="tests/unit/Browser/InertiaTest.php" tests="3" assertions="12" failures="0" errors="0" skipped="0" time="1.122923">
      <testcase name="testTheServerRenderedPageIsReadFromTheDom" file="tests/unit/Browser/InertiaTest.php" line="60" class="LucianoPereira\Crucible\Tests\Browser\InertiaTest" classname="LucianoPereira.Crucible.Tests.Browser.InertiaTest" assertions="6" time="0.577894"/>
      <testcase name="testAClientSideVisitIsSeenThoughDataPageNeverChanges" file="tests/unit/Browser/InertiaTest.php" line="69" class="LucianoPereira\Crucible\Tests\Browser\InertiaTest" classname="LucianoPereira.Crucible.Tests.Browser.InertiaTest" assertions="5" time="0.449602"/>
      <testcase name="testANonInertiaPageIsNamedNotMistakenForAFailedMatch" file="tests/unit/Browser/InertiaTest.php" line="89" class="LucianoPereira\Crucible\Tests\Browser\InertiaTest" classname="LucianoPereira.Crucible.Tests.Browser.InertiaTest" assertions="1" time="0.095427"/>
    </testsuite>
    <testsuite name="LucianoPereira\Crucible\Tests\Browser\InitScriptTest" file="tests/unit/Browser/InitScriptTest.php" tests="2" assertions="3" failures="0" errors="0" skipped="0" time="0.743101">
      <testcase name="testAnInitScriptOnTheContextRunsBeforePageScripts" file="tests/unit/Browser/InitScriptTest.php" line="57" class="LucianoPereira\Crucible\Tests\Browser\InitScriptTest" classname="LucianoPereira.Crucible.Tests.Browser.InitScriptTest" assertions="2" time="0.580637"/>
      <testcase name="testAnInitScriptAppliesToEveryPageInTheContext" file="tests/unit/Browser/InitScriptTest.php" line="72" class="LucianoPereira\Crucible\Tests\Browser\InitScriptTest" classname="LucianoPereira.Crucible.Tests.Browser.InitScriptTest" assertions="1" time="0.162464"/>
    </testsuite>
    <testsuite name="LucianoPereira\Crucible\Tests\Browser\InteractionTailTest" file="tests/unit/Browser/InteractionTailTest.php" tests="2" assertions="15" failures="0" errors="0" skipped="0" time="1.723189">
      <testcase name="testDragAttachKeyDownFramesAndSubmit" file="tests/unit/Browser/InteractionTailTest.php" line="42" class="LucianoPereira\Crucible\Tests\Browser\InteractionTailTest" classname="LucianoPereira.Crucible.Tests.Browser.InteractionTailTest" assertions="7" time="0.983945"/>
      <testcase name="testTheVisitFanOutSurface" file="tests/unit/Browser/InteractionTailTest.php" line="129" class="LucianoPereira\Crucible\Tests\Browser\InteractionTailTest" classname="LucianoPereira.Crucible.Tests.Browser.InteractionTailTest" assertions="8" time="0.739244"/>
    </testsuite>
    <testsuite name="LucianoPereira\Crucible\Tests\Browser\JsValueTest" file="tests/unit/Browser/JsValueTest.php" tests="3" assertions="7" failures="0" errors="0" skipped="0" time="0.001744">
      <testcase name="testScalars" file="tests/unit/Browser/JsValueTest.php" line="21" class="LucianoPereira\Crucible\Tests\Browser\JsValueTest" classname="LucianoPereira.Crucible.Tests.Browser.JsValueTest" assertions="5" time="0.000683"/>
      <testcase name="testTheProbePinnedObjectShape" file="tests/unit/Browser/JsValueTest.php" line="30" class="LucianoPereira\Crucible\Tests\Browser\JsValueTest" classname="LucianoPereira.Crucible.Tests.Browser.JsValueTest" assertions="1" time="0.000529"/>
      <testcase name="testUnknownEnvelopeIsANamedError" file="tests/unit/Browser/JsValueTest.php" line="45" class="LucianoPereira\Crucible\Tests\Browser\JsValueTest" classname="LucianoPereira.Crucible.Tests.Browser.JsValueTest" assertions="1" time="0.000532"/>
    </testsuite>
    <testsuite name="LucianoPereira\Crucible\Tests\Browser\LivewireTest" file="tests/unit/Browser/LivewireTest.php" tests="3" assertions="12" failures="0" errors="0" skipped="0" time="2.726201">
      <testcase name="testAComponentsStateIsReadFromItsSnapshot" file="tests/unit/Browser/LivewireTest.php" line="85" class="LucianoPereira\Crucible\Tests\Browser\LivewireTest" classname="LucianoPereira.Crucible.Tests.Browser.LivewireTest" assertions="5" time="1.147797"/>
      <testcase name="testARoundTripIsWaitedForAndChangesTheState" file="tests/unit/Browser/LivewireTest.php" line="95" class="LucianoPereira\Crucible\Tests\Browser\LivewireTest" classname="LucianoPereira.Crucible.Tests.Browser.LivewireTest" assertions="5" time="1.311093"/>
      <testcase name="testAComponentCanBeAddressedByName" file="tests/unit/Browser/LivewireTest.php" line="108" class="LucianoPereira\Crucible\Tests\Browser\LivewireTest" classname="LucianoPereira.Crucible.Tests.Browser.LivewireTest" assertions="2" time="0.267311"/>
    </testsuite>
    <testsuite name="LucianoPereira\Crucible\Tests\Browser\NetworkIdleTest" file="tests/unit/Browser/NetworkIdleTest.php" tests="4" assertions="4" failures="0" errors="0" skipped="0" time="3.561481">
      <testcase name="testAPageThatSettlesReturnsOnceItIsQuiet" file="tests/unit/Browser/NetworkIdleTest.php" line="56" class="LucianoPereira\Crucible\Tests\Browser\NetworkIdleTest" classname="LucianoPereira.Crucible.Tests.Browser.NetworkIdleTest" assertions="1" time="0.796362"/>
      <testcase name="testAWaitOutlastsARequestThatHasNotStartedYet" file="tests/unit/Browser/NetworkIdleTest.php" line="65" class="LucianoPereira\Crucible\Tests\Browser\NetworkIdleTest" classname="LucianoPereira.Crucible.Tests.Browser.NetworkIdleTest" assertions="1" time="0.707256"/>
      <testcase name="testAPageThatNeverGoesQuietIsANamedFailure" file="tests/unit/Browser/NetworkIdleTest.php" line="81" class="LucianoPereira\Crucible\Tests\Browser\NetworkIdleTest" classname="LucianoPereira.Crucible.Tests.Browser.NetworkIdleTest" assertions="1" time="1.631278"/>
      <testcase name="testAFailedRequestStillEndsTheWait" file="tests/unit/Browser/NetworkIdleTest.php" line="95" class="LucianoPereira\Crucible\Tests\Browser\NetworkIdleTest" classname="LucianoPereira.Crucible.Tests.Browser.NetworkIdleTest" assertions="1" time="0.426585"/>
    </testsuite>
    <testsuite name="LucianoPereira\Crucible\Tests\Browser\PageAssertionsSurfaceTest" file="tests/unit/Browser/PageAssertionsSurfaceTest.php" tests="26" assertions="154" failures="0" errors="0" skipped="0" time="0.027454">
      <testcase name="testTheUrlDecomposesIntoEveryComponentTheSurfaceExposes" file="tests/unit/Browser/PageAssertionsSurfaceTest.php" line="34" class="LucianoPereira\Crucible\Tests\Browser\PageAssertionsSurfaceTest" classname="LucianoPereira.Crucible.Tests.Browser.PageAssertionsSurfaceTest" assertions="6" time="0.004307"/>
      <testcase name="testEveryUrlNegationDisagreesWithItsPositive" file="tests/unit/Browser/PageAssertionsSurfaceTest.php" line="49" class="LucianoPereira\Crucible\Tests\Browser\PageAssertionsSurfaceTest" classname="LucianoPereira.Crucible.Tests.Browser.PageAssertionsSurfaceTest" assertions="10" time="0.001263"/>
      <testcase name="testAnAbsentUrlComponentReadsAsEmptyRatherThanNull" file="tests/unit/Browser/PageAssertionsSurfaceTest.php" line="66" class="LucianoPereira\Crucible\Tests\Browser\PageAssertionsSurfaceTest" classname="LucianoPereira.Crucible.Tests.Browser.PageAssertionsSurfaceTest" assertions="5" time="0.000693"/>
      <testcase name="testUrlIsComparesTheWholeUrlOrJustThePath" file="tests/unit/Browser/PageAssertionsSurfaceTest.php" line="80" class="LucianoPereira\Crucible\Tests\Browser\PageAssertionsSurfaceTest" classname="LucianoPereira.Crucible.Tests.Browser.PageAssertionsSurfaceTest" assertions="4" time="0.000949"/>
      <testcase name="testPathPrefixSuffixAndFragmentPrefixReadTheDecomposedPart" file="tests/unit/Browser/PageAssertionsSurfaceTest.php" line="93" class="LucianoPereira\Crucible\Tests\Browser\PageAssertionsSurfaceTest" classname="LucianoPereira.Crucible.Tests.Browser.PageAssertionsSurfaceTest" assertions="6" time="0.000934"/>
      <testcase name="testQueryParametersAreSplitAndPercentDecoded" file="tests/unit/Browser/PageAssertionsSurfaceTest.php" line="108" class="LucianoPereira\Crucible\Tests\Browser\PageAssertionsSurfaceTest" classname="LucianoPereira.Crucible.Tests.Browser.PageAssertionsSurfaceTest" assertions="13" time="0.001397"/>
      <testcase name="testAUrlWithNoQueryHasNoParameters" file="tests/unit/Browser/PageAssertionsSurfaceTest.php" line="126" class="LucianoPereira\Crucible\Tests\Browser\PageAssertionsSurfaceTest" classname="LucianoPereira.Crucible.Tests.Browser.PageAssertionsSurfaceTest" assertions="2" time="0.000782"/>
      <testcase name="testTitleAndTextComparisonsBothDirections" file="tests/unit/Browser/PageAssertionsSurfaceTest.php" line="134" class="LucianoPereira\Crucible\Tests\Browser\PageAssertionsSurfaceTest" classname="LucianoPereira.Crucible.Tests.Browser.PageAssertionsSurfaceTest" assertions="10" time="0.001166"/>
      <testcase name="testTextReadsFromBodyForTheUnscopedForm" file="tests/unit/Browser/PageAssertionsSurfaceTest.php" line="156" class="LucianoPereira\Crucible\Tests\Browser\PageAssertionsSurfaceTest" classname="LucianoPereira.Crucible.Tests.Browser.PageAssertionsSurfaceTest" assertions="1" time="0.000711"/>
      <testcase name="testAttributeComparisonsIncludingAbsence" file="tests/unit/Browser/PageAssertionsSurfaceTest.php" line="165" class="LucianoPereira\Crucible\Tests\Browser\PageAssertionsSurfaceTest" classname="LucianoPereira.Crucible.Tests.Browser.PageAssertionsSurfaceTest" assertions="9" time="0.000946"/>
      <testcase name="testFormStateReadsThroughTheFieldGrammar" file="tests/unit/Browser/PageAssertionsSurfaceTest.php" line="187" class="LucianoPereira\Crucible\Tests\Browser\PageAssertionsSurfaceTest" classname="LucianoPereira.Crucible.Tests.Browser.PageAssertionsSurfaceTest" assertions="11" time="0.001082"/>
      <testcase name="testSelectAndIndeterminateStateGoThroughTheMatchedElements" file="tests/unit/Browser/PageAssertionsSurfaceTest.php" line="211" class="LucianoPereira\Crucible\Tests\Browser\PageAssertionsSurfaceTest" classname="LucianoPereira.Crucible.Tests.Browser.PageAssertionsSurfaceTest" assertions="6" time="0.000914"/>
      <testcase name="testButtonsAskTheTargetGrammarRatherThanTheFieldGrammar" file="tests/unit/Browser/PageAssertionsSurfaceTest.php" line="237" class="LucianoPereira\Crucible\Tests\Browser\PageAssertionsSurfaceTest" classname="LucianoPereira.Crucible.Tests.Browser.PageAssertionsSurfaceTest" assertions="5" time="0.000896"/>
      <testcase name="testPresenceAndVisibilityAreDifferentQuestions" file="tests/unit/Browser/PageAssertionsSurfaceTest.php" line="256" class="LucianoPereira\Crucible\Tests\Browser\PageAssertionsSurfaceTest" classname="LucianoPereira.Crucible.Tests.Browser.PageAssertionsSurfaceTest" assertions="6" time="0.000903"/>
      <testcase name="testCountReadsTheMatchedElementsAndRefusesANonInteger" file="tests/unit/Browser/PageAssertionsSurfaceTest.php" line="276" class="LucianoPereira\Crucible\Tests\Browser\PageAssertionsSurfaceTest" classname="LucianoPereira.Crucible.Tests.Browser.PageAssertionsSurfaceTest" assertions="3" time="0.000820"/>
      <testcase name="testLinksAreMatchedByVisibleTextWithQuotesEscaped" file="tests/unit/Browser/PageAssertionsSurfaceTest.php" line="292" class="LucianoPereira\Crucible\Tests\Browser\PageAssertionsSurfaceTest" classname="LucianoPereira.Crucible.Tests.Browser.PageAssertionsSurfaceTest" assertions="4" time="0.000768"/>
      <testcase name="testSourceAssertionsReadTheRawContent" file="tests/unit/Browser/PageAssertionsSurfaceTest.php" line="306" class="LucianoPereira\Crucible\Tests\Browser\PageAssertionsSurfaceTest" classname="LucianoPereira.Crucible.Tests.Browser.PageAssertionsSurfaceTest" assertions="3" time="0.000833"/>
      <testcase name="testScriptComparesStrictlyAndDefaultsToTrue" file="tests/unit/Browser/PageAssertionsSurfaceTest.php" line="315" class="LucianoPereira\Crucible\Tests\Browser\PageAssertionsSurfaceTest" classname="LucianoPereira.Crucible.Tests.Browser.PageAssertionsSurfaceTest" assertions="6" time="0.000830"/>
      <testcase name="testInertiaPropsResolveThroughDotPathsIncludingListIndexes" file="tests/unit/Browser/PageAssertionsSurfaceTest.php" line="327" class="LucianoPereira\Crucible\Tests\Browser\PageAssertionsSurfaceTest" classname="LucianoPereira.Crucible.Tests.Browser.PageAssertionsSurfaceTest" assertions="16" time="0.001321"/>
      <testcase name="testAPageThatIsNotInertiaSaysSoRatherThanNotMatching" file="tests/unit/Browser/PageAssertionsSurfaceTest.php" line="353" class="LucianoPereira\Crucible\Tests\Browser\PageAssertionsSurfaceTest" classname="LucianoPereira.Crucible.Tests.Browser.PageAssertionsSurfaceTest" assertions="3" time="0.000835"/>
      <testcase name="testLivewireStateIsReadFromTheSnapshotTheComponentCarries" file="tests/unit/Browser/PageAssertionsSurfaceTest.php" line="369" class="LucianoPereira\Crucible\Tests\Browser\PageAssertionsSurfaceTest" classname="LucianoPereira.Crucible.Tests.Browser.PageAssertionsSurfaceTest" assertions="10" time="0.001054"/>
      <testcase name="testAPageWithNoLivewireComponentIsNullRatherThanEmpty" file="tests/unit/Browser/PageAssertionsSurfaceTest.php" line="384" class="LucianoPereira\Crucible\Tests\Browser\PageAssertionsSurfaceTest" classname="LucianoPereira.Crucible.Tests.Browser.PageAssertionsSurfaceTest" assertions="3" time="0.000815"/>
      <testcase name="testWireClickWaitsForTheCycleItStarted" file="tests/unit/Browser/PageAssertionsSurfaceTest.php" line="396" class="LucianoPereira\Crucible\Tests\Browser\PageAssertionsSurfaceTest" classname="LucianoPereira.Crucible.Tests.Browser.PageAssertionsSurfaceTest" assertions="2" time="0.000655"/>
      <testcase name="testOnlyLogTypeConsoleEntriesTripTheConsoleCheck" file="tests/unit/Browser/PageAssertionsSurfaceTest.php" line="408" class="LucianoPereira\Crucible\Tests\Browser\PageAssertionsSurfaceTest" classname="LucianoPereira.Crucible.Tests.Browser.PageAssertionsSurfaceTest" assertions="2" time="0.000889"/>
      <testcase name="testJavaScriptErrorsAndSmokeAreTheSameCheck" file="tests/unit/Browser/PageAssertionsSurfaceTest.php" line="428" class="LucianoPereira\Crucible\Tests\Browser\PageAssertionsSurfaceTest" classname="LucianoPereira.Crucible.Tests.Browser.PageAssertionsSurfaceTest" assertions="4" time="0.001009"/>
      <testcase name="testEveryAssertionReturnsThePageSoTheyChain" file="tests/unit/Browser/PageAssertionsSurfaceTest.php" line="439" class="LucianoPereira\Crucible\Tests\Browser\PageAssertionsSurfaceTest" classname="LucianoPereira.Crucible.Tests.Browser.PageAssertionsSurfaceTest" assertions="4" time="0.000682"/>
    </testsuite>
    <testsuite name="LucianoPereira\Crucible\Tests\Browser\PageAssertionsTest" file="tests/unit/Browser/PageAssertionsTest.php" tests="2" assertions="59" failures="0" errors="0" skipped="0" time="0.926402">
      <testcase name="testTheAssertionSurfaceAgainstARealPage" file="tests/unit/Browser/PageAssertionsTest.php" line="48" class="LucianoPereira\Crucible\Tests\Browser\PageAssertionsTest" classname="LucianoPereira.Crucible.Tests.Browser.PageAssertionsTest" assertions="57" time="0.794098"/>
      <testcase name="testFailuresLandInTheAssertionMachinery" file="tests/unit/Browser/PageAssertionsTest.php" line="129" class="LucianoPereira\Crucible\Tests\Browser\PageAssertionsTest" classname="LucianoPereira.Crucible.Tests.Browser.PageAssertionsTest" assertions="2" time="0.132305"/>
    </testsuite>
    <testsuite name="LucianoPereira\Crucible\Tests\Browser\SharedWorldHandler" file="tests/unit/Browser/RelativeVisitTest.php" tests="3" assertions="5" failures="0" errors="0" skipped="0" time="0.147866">
      <testcase name="testWithoutAHandlerARelativeVisitIsANamedError" file="tests/unit/Browser/RelativeVisitTest.php" line="73" class="LucianoPereira\Crucible\Tests\Browser\SharedWorldHandler" classname="LucianoPereira.Crucible.Tests.Browser.SharedWorldHandler" assertions="1" time="0.000796"/>
      <testcase name="testAMisconfiguredHandlerClassIsANamedError" file="tests/unit/Browser/RelativeVisitTest.php" line="87" class="LucianoPereira\Crucible\Tests\Browser\SharedWorldHandler" classname="LucianoPereira.Crucible.Tests.Browser.SharedWorldHandler" assertions="1" time="0.000765"/>
      <testcase name="testRelativeVisitsServeThroughTheHandlerAndShareTheWorld" file="tests/unit/Browser/RelativeVisitTest.php" line="103" class="LucianoPereira\Crucible\Tests\Browser\SharedWorldHandler" classname="LucianoPereira.Crucible.Tests.Browser.SharedWorldHandler" assertions="3" time="0.146305"/>
    </testsuite>
    <testsuite name="LucianoPereira\Crucible\Tests\Browser\SelectorTest" file="tests/unit/Browser/SelectorTest.php" tests="6" assertions="16" failures="0" errors="0" skipped="0" time="0.003289">
      <testcase name="testDataTestShorthand" file="tests/unit/Browser/SelectorTest.php" line="20" class="LucianoPereira\Crucible\Tests\Browser\SelectorTest" classname="LucianoPereira.Crucible.Tests.Browser.SelectorTest" assertions="2" time="0.000601"/>
      <testcase name="testCssPassesThrough" file="tests/unit/Browser/SelectorTest.php" line="26" class="LucianoPereira\Crucible\Tests\Browser\SelectorTest" classname="LucianoPereira.Crucible.Tests.Browser.SelectorTest" assertions="5" time="0.000549"/>
      <testcase name="testBareWordsMeanVisibleText" file="tests/unit/Browser/SelectorTest.php" line="35" class="LucianoPereira\Crucible\Tests\Browser\SelectorTest" classname="LucianoPereira.Crucible.Tests.Browser.SelectorTest" assertions="2" time="0.000517"/>
      <testcase name="testBareHtmlElementNamesStayElements" file="tests/unit/Browser/SelectorTest.php" line="41" class="LucianoPereira\Crucible\Tests\Browser\SelectorTest" classname="LucianoPereira.Crucible.Tests.Browser.SelectorTest" assertions="3" time="0.000518"/>
      <testcase name="testFieldsTryNameIdAndDataTest" file="tests/unit/Browser/SelectorTest.php" line="48" class="LucianoPereira\Crucible\Tests\Browser\SelectorTest" classname="LucianoPereira.Crucible.Tests.Browser.SelectorTest" assertions="1" time="0.000567"/>
      <testcase name="testExplicitFieldSelectorsPassThrough" file="tests/unit/Browser/SelectorTest.php" line="53" class="LucianoPereira\Crucible\Tests\Browser\SelectorTest" classname="LucianoPereira.Crucible.Tests.Browser.SelectorTest" assertions="3" time="0.000538"/>
    </testsuite>
    <testsuite name="LucianoPereira\Crucible\Tests\Browser\Server\CgiVariablesTest" file="tests/unit/Browser/Server/CgiVariablesTest.php" tests="9" assertions="13" failures="0" errors="0" skipped="0" time="0.004874">
      <testcase name="testTheMethodIsUppercasedAndTheUriKept" file="tests/unit/Browser/Server/CgiVariablesTest.php" line="25" class="LucianoPereira\Crucible\Tests\Browser\Server\CgiVariablesTest" classname="LucianoPereira.Crucible.Tests.Browser.Server.CgiVariablesTest" assertions="2" time="0.000591"/>
      <testcase name="testTheHostFallsBackToTheLoopbackWhenNoHostHeaderArrives" file="tests/unit/Browser/Server/CgiVariablesTest.php" line="33" class="LucianoPereira\Crucible\Tests\Browser\Server\CgiVariablesTest" classname="LucianoPereira.Crucible.Tests.Browser.Server.CgiVariablesTest" assertions="2" time="0.000532"/>
      <testcase name="testTheHostHeaderWinsWhenItArrives" file="tests/unit/Browser/Server/CgiVariablesTest.php" line="41" class="LucianoPereira\Crucible\Tests\Browser\Server\CgiVariablesTest" classname="LucianoPereira.Crucible.Tests.Browser.Server.CgiVariablesTest" assertions="1" time="0.000531"/>
      <testcase name="testHeadersBecomeUppercasedUnderscoredHttpVariables" file="tests/unit/Browser/Server/CgiVariablesTest.php" line="48" class="LucianoPereira\Crucible\Tests\Browser\Server\CgiVariablesTest" classname="LucianoPereira.Crucible.Tests.Browser.Server.CgiVariablesTest" assertions="2" time="0.000537"/>
      <testcase name="testTheContentTypeIsCarriedBothPrefixedAndUnprefixed" file="tests/unit/Browser/Server/CgiVariablesTest.php" line="63" class="LucianoPereira\Crucible\Tests\Browser\Server\CgiVariablesTest" classname="LucianoPereira.Crucible.Tests.Browser.Server.CgiVariablesTest" assertions="2" time="0.000641"/>
      <testcase name="testAResponseHeaderKeepsItsHyphenatedTitleCasing" file="tests/unit/Browser/Server/CgiVariablesTest.php" line="71" class="LucianoPereira\Crucible\Tests\Browser\Server\CgiVariablesTest" classname="LucianoPereira.Crucible.Tests.Browser.Server.CgiVariablesTest" assertions="1" time="0.000516"/>
      <testcase name="testTheHeadersTheRendererOwnsAreDropped" file="tests/unit/Browser/Server/CgiVariablesTest.php" line="82" class="LucianoPereira\Crucible\Tests\Browser\Server\CgiVariablesTest" classname="LucianoPereira.Crucible.Tests.Browser.Server.CgiVariablesTest" assertions="1" time="0.000509"/>
      <testcase name="testANonIterableOrEmptyNamedEntryIsSkippedRatherThanFatal" file="tests/unit/Browser/Server/CgiVariablesTest.php" line="93" class="LucianoPereira\Crucible\Tests\Browser\Server\CgiVariablesTest" classname="LucianoPereira.Crucible.Tests.Browser.Server.CgiVariablesTest" assertions="1" time="0.000509"/>
      <testcase name="testTheLastValueOfARepeatedHeaderWins" file="tests/unit/Browser/Server/CgiVariablesTest.php" line="104" class="LucianoPereira\Crucible\Tests\Browser\Server\CgiVariablesTest" classname="LucianoPereira.Crucible.Tests.Browser.Server.CgiVariablesTest" assertions="1" time="0.000507"/>
    </testsuite>
    <testsuite name="LucianoPereira\Crucible\Tests\Browser\SessionGateTest" file="tests/unit/Browser/SessionGateTest.php" tests="6" assertions="10" failures="0" errors="0" skipped="0" time="0.003765">
      <testcase name="testTheTierIsOffByDefault" file="tests/unit/Browser/SessionGateTest.php" line="29" class="LucianoPereira\Crucible\Tests\Browser\SessionGateTest" classname="LucianoPereira.Crucible.Tests.Browser.SessionGateTest" assertions="1" time="0.000738"/>
      <testcase name="testDefaultStateIsANamedErrorNamingTheConfigLine" file="tests/unit/Browser/SessionGateTest.php" line="36" class="LucianoPereira\Crucible\Tests\Browser\SessionGateTest" classname="LucianoPereira.Crucible.Tests.Browser.SessionGateTest" assertions="1" time="0.000549"/>
      <testcase name="testExplicitlyDisabledIsItsOwnNamedState" file="tests/unit/Browser/SessionGateTest.php" line="44" class="LucianoPereira\Crucible\Tests\Browser\SessionGateTest" classname="LucianoPereira.Crucible.Tests.Browser.SessionGateTest" assertions="1" time="0.000572"/>
      <testcase name="testEnabledWithoutPlaywrightNamesTheExactCommands" file="tests/unit/Browser/SessionGateTest.php" line="52" class="LucianoPereira\Crucible\Tests\Browser\SessionGateTest" classname="LucianoPereira.Crucible.Tests.Browser.SessionGateTest" assertions="1" time="0.000601"/>
      <testcase name="testBuilderCarriesTheBrowserBlock" file="tests/unit/Browser/SessionGateTest.php" line="60" class="LucianoPereira\Crucible\Tests\Browser\SessionGateTest" classname="LucianoPereira.Crucible.Tests.Browser.SessionGateTest" assertions="3" time="0.000773"/>
      <testcase name="testEngineMapsToPlaywrightTypes" file="tests/unit/Browser/SessionGateTest.php" line="72" class="LucianoPereira\Crucible\Tests\Browser\SessionGateTest" classname="LucianoPereira.Crucible.Tests.Browser.SessionGateTest" assertions="3" time="0.000533"/>
    </testsuite>
    <testsuite name="tests.unit.Browser.VisitDialect.pest" file="tests/unit/Browser/VisitDialect.pest.php" tests="2" assertions="5" failures="0" errors="0" skipped="0" time="0.612416">
      <testcase name="it may visit a page and chain assertions" file="tests/unit/Browser/VisitDialect.pest.php" line="0" class="tests.unit.Browser.VisitDialect.pest" classname="tests.unit.Browser.VisitDialect.pest" assertions="3" time="0.611070"/>
      <testcase name="it refuses relative urls until a server bridge exists" file="tests/unit/Browser/VisitDialect.pest.php" line="0" class="tests.unit.Browser.VisitDialect.pest" classname="tests.unit.Browser.VisitDialect.pest" assertions="2" time="0.001346"/>
    </testsuite>
    <testsuite name="LucianoPereira\Crucible\Tests\CLI\AnsweredOptionsTest" file="tests/unit/CLI/AnsweredOptionsTest.php" tests="4" assertions="20" failures="0" errors="0" skipped="0" time="0.005961">
      <testcase name="testDisableCoverageIgnoreHasNothingToDisable" file="tests/unit/CLI/AnsweredOptionsTest.php" line="58" class="LucianoPereira\Crucible\Tests\CLI\AnsweredOptionsTest" classname="LucianoPereira.Crucible.Tests.CLI.AnsweredOptionsTest" assertions="4" time="0.001427"/>
      <testcase name="testAllHasNoConfigurationLevelSelectionToIgnore" file="tests/unit/CLI/AnsweredOptionsTest.php" line="84" class="LucianoPereira\Crucible\Tests\CLI\AnsweredOptionsTest" classname="LucianoPereira.Crucible.Tests.CLI.AnsweredOptionsTest" assertions="3" time="0.001329"/>
      <testcase name="testCheckVersionAnswersAndExitsWithoutRunningAnything" file="tests/unit/CLI/AnsweredOptionsTest.php" line="103" class="LucianoPereira\Crucible\Tests\CLI\AnsweredOptionsTest" classname="LucianoPereira.Crucible.Tests.CLI.AnsweredOptionsTest" assertions="3" time="0.001340"/>
      <testcase name="testThePhpunitIssueFamilyHasNoIssueToJudge" file="tests/unit/CLI/AnsweredOptionsTest.php" line="116" class="LucianoPereira\Crucible\Tests\CLI\AnsweredOptionsTest" classname="LucianoPereira.Crucible.Tests.CLI.AnsweredOptionsTest" assertions="10" time="0.001864"/>
    </testsuite>
    <testsuite name="LucianoPereira\Crucible\Tests\CLI\CliOptionsTest" file="tests/unit/CLI/CliOptionsTest.php" tests="42" assertions="185" failures="0" errors="0" skipped="0" time="0.056465">
      <testcase name="testAbsentOptionsAreNullSoConfigurationWins" file="tests/unit/CLI/CliOptionsTest.php" line="38" class="LucianoPereira\Crucible\Tests\CLI\CliOptionsTest" classname="LucianoPereira.Crucible.Tests.CLI.CliOptionsTest" assertions="5" time="0.001163"/>
      <testcase name="testValuedOptionsAcceptSpaceAndEqualsForms" file="tests/unit/CLI/CliOptionsTest.php" line="49" class="LucianoPereira\Crucible\Tests\CLI\CliOptionsTest" classname="LucianoPereira.Crucible.Tests.CLI.CliOptionsTest" assertions="4" time="0.001185"/>
      <testcase name="testViewIsAValuedOptionSelectingAProgressViewKey" file="tests/unit/CLI/CliOptionsTest.php" line="60" class="LucianoPereira\Crucible\Tests\CLI\CliOptionsTest" classname="LucianoPereira.Crucible.Tests.CLI.CliOptionsTest" assertions="3" time="0.002027"/>
      <testcase name="testRepeatableOptionsAccumulateAndSplitOnCommas" file="tests/unit/CLI/CliOptionsTest.php" line="67" class="LucianoPereira\Crucible\Tests\CLI\CliOptionsTest" classname="LucianoPereira.Crucible.Tests.CLI.CliOptionsTest" assertions="2" time="0.001775"/>
      <testcase name="testBooleanFlagsParseToTrueNotNull" file="tests/unit/CLI/CliOptionsTest.php" line="75" class="LucianoPereira\Crucible\Tests\CLI\CliOptionsTest" classname="LucianoPereira.Crucible.Tests.CLI.CliOptionsTest" assertions="4" time="0.001794"/>
      <testcase name="testUnknownOptionsAndStrayArgumentsAreErrors" file="tests/unit/CLI/CliOptionsTest.php" line="85" class="LucianoPereira\Crucible\Tests\CLI\CliOptionsTest" classname="LucianoPereira.Crucible.Tests.CLI.CliOptionsTest" assertions="6" time="0.001576"/>
      <testcase name="testLastOccurrenceOfAValuedOptionWins" file="tests/unit/CLI/CliOptionsTest.php" line="95" class="LucianoPereira\Crucible\Tests\CLI\CliOptionsTest" classname="LucianoPereira.Crucible.Tests.CLI.CliOptionsTest" assertions="1" time="0.001720"/>
      <testcase name="testChangedTakesAnOptionalReference" file="tests/unit/CLI/CliOptionsTest.php" line="100" class="LucianoPereira\Crucible\Tests\CLI\CliOptionsTest" classname="LucianoPereira.Crucible.Tests.CLI.CliOptionsTest" assertions="3" time="0.002139"/>
      <testcase name="testBareChangedNeverConsumesTheNextArgument" file="tests/unit/CLI/CliOptionsTest.php" line="107" class="LucianoPereira\Crucible\Tests\CLI\CliOptionsTest" classname="LucianoPereira.Crucible.Tests.CLI.CliOptionsTest" assertions="2" time="0.001847"/>
      <testcase name="testAnEmptyChangedReferenceIsAnError" file="tests/unit/CLI/CliOptionsTest.php" line="115" class="LucianoPereira\Crucible\Tests\CLI\CliOptionsTest" classname="LucianoPereira.Crucible.Tests.CLI.CliOptionsTest" assertions="1" time="0.001443"/>
      <testcase name="testRelatedAccumulates" file="tests/unit/CLI/CliOptionsTest.php" line="120" class="LucianoPereira\Crucible\Tests\CLI\CliOptionsTest" classname="LucianoPereira.Crucible.Tests.CLI.CliOptionsTest" assertions="1" time="0.001770"/>
      <testcase name="testWatchIsAFlag" file="tests/unit/CLI/CliOptionsTest.php" line="127" class="LucianoPereira\Crucible\Tests\CLI\CliOptionsTest" classname="LucianoPereira.Crucible.Tests.CLI.CliOptionsTest" assertions="2" time="0.002016"/>
      <testcase name="testRetriesIsANumericOption" file="tests/unit/CLI/CliOptionsTest.php" line="133" class="LucianoPereira\Crucible\Tests\CLI\CliOptionsTest" classname="LucianoPereira.Crucible.Tests.CLI.CliOptionsTest" assertions="3" time="0.001245"/>
      <testcase name="testFailOnFlakyIsAFlag" file="tests/unit/CLI/CliOptionsTest.php" line="140" class="LucianoPereira\Crucible\Tests\CLI\CliOptionsTest" classname="LucianoPereira.Crucible.Tests.CLI.CliOptionsTest" assertions="2" time="0.001126"/>
      <testcase name="testFlakesIsACommandWithRounds" file="tests/unit/CLI/CliOptionsTest.php" line="146" class="LucianoPereira\Crucible\Tests\CLI\CliOptionsTest" classname="LucianoPereira.Crucible.Tests.CLI.CliOptionsTest" assertions="3" time="0.001165"/>
      <testcase name="testCompatCheckIsACommandWithAutoFixAndRevert" file="tests/unit/CLI/CliOptionsTest.php" line="156" class="LucianoPereira\Crucible\Tests\CLI\CliOptionsTest" classname="LucianoPereira.Crucible.Tests.CLI.CliOptionsTest" assertions="8" time="0.001300"/>
      <testcase name="testCoverageIsOptIn" file="tests/unit/CLI/CliOptionsTest.php" line="176" class="LucianoPereira\Crucible\Tests\CLI\CliOptionsTest" classname="LucianoPereira.Crucible.Tests.CLI.CliOptionsTest" assertions="4" time="0.001185"/>
      <testcase name="testTodoListingFlagsParse" file="tests/unit/CLI/CliOptionsTest.php" line="189" class="LucianoPereira\Crucible\Tests\CLI\CliOptionsTest" classname="LucianoPereira.Crucible.Tests.CLI.CliOptionsTest" assertions="10" time="0.001369"/>
      <testcase name="testProfileAndDirtyParseAsFlags" file="tests/unit/CLI/CliOptionsTest.php" line="212" class="LucianoPereira\Crucible\Tests\CLI\CliOptionsTest" classname="LucianoPereira.Crucible.Tests.CLI.CliOptionsTest" assertions="4" time="0.001125"/>
      <testcase name="testNeitherFlagTakesAValue" file="tests/unit/CLI/CliOptionsTest.php" line="225" class="LucianoPereira\Crucible\Tests\CLI\CliOptionsTest" classname="LucianoPereira.Crucible.Tests.CLI.CliOptionsTest" assertions="2" time="0.000803"/>
      <testcase name="testTheSpecsRetrySpellingCountsTotalAttempts" file="tests/unit/CLI/CliOptionsTest.php" line="240" class="LucianoPereira\Crucible\Tests\CLI\CliOptionsTest" classname="LucianoPereira.Crucible.Tests.CLI.CliOptionsTest" assertions="4" time="0.001325"/>
      <testcase name="testTheTwoRetrySpellingsAreMutuallyExclusive" file="tests/unit/CLI/CliOptionsTest.php" line="251" class="LucianoPereira\Crucible\Tests\CLI\CliOptionsTest" classname="LucianoPereira.Crucible.Tests.CLI.CliOptionsTest" assertions="1" time="0.000815"/>
      <testcase name="testAliasesAreRewrittenToTheOptionTheyPointAt" file="tests/unit/CLI/CliOptionsTest.php" line="259" class="LucianoPereira\Crucible\Tests\CLI\CliOptionsTest" classname="LucianoPereira.Crucible.Tests.CLI.CliOptionsTest" assertions="4" time="0.001305"/>
      <testcase name="testAnAliasStillAcceptsWhatTheOptionItPointsAtAccepts" file="tests/unit/CLI/CliOptionsTest.php" line="267" class="LucianoPereira\Crucible\Tests\CLI\CliOptionsTest" classname="LucianoPereira.Crucible.Tests.CLI.CliOptionsTest" assertions="2" time="0.001149"/>
      <testcase name="testDoNotFailOnIsTheOffHalfOfTheFailOnTriState" file="tests/unit/CLI/CliOptionsTest.php" line="276" class="LucianoPereira\Crucible\Tests\CLI\CliOptionsTest" classname="LucianoPereira.Crucible.Tests.CLI.CliOptionsTest" assertions="14" time="0.002294"/>
      <testcase name="testASpecSpellingResolvesWhenWrittenWithAnEquals" file="tests/unit/CLI/CliOptionsTest.php" line="309" class="LucianoPereira\Crucible\Tests\CLI\CliOptionsTest" classname="LucianoPereira.Crucible.Tests.CLI.CliOptionsTest" assertions="3" time="0.001203"/>
      <testcase name="testAFailOnSwitchAndItsNegationTogetherIsAnError" file="tests/unit/CLI/CliOptionsTest.php" line="321" class="LucianoPereira\Crucible\Tests\CLI\CliOptionsTest" classname="LucianoPereira.Crucible.Tests.CLI.CliOptionsTest" assertions="2" time="0.000795"/>
      <testcase name="testTheSpecsConfigurationSwitchesParseAsTriStates" file="tests/unit/CLI/CliOptionsTest.php" line="338" class="LucianoPereira\Crucible\Tests\CLI\CliOptionsTest" classname="LucianoPereira.Crucible.Tests.CLI.CliOptionsTest" assertions="8" time="0.001139"/>
      <testcase name="testBootstrapIsValuedAndExtensionRepeats" file="tests/unit/CLI/CliOptionsTest.php" line="360" class="LucianoPereira\Crucible\Tests\CLI\CliOptionsTest" classname="LucianoPereira.Crucible.Tests.CLI.CliOptionsTest" assertions="3" time="0.001207"/>
      <testcase name="testNoCoverageWinsOverEveryCoverageSpellingOnTheSameCommandLine" file="tests/unit/CLI/CliOptionsTest.php" line="371" class="LucianoPereira\Crucible\Tests\CLI\CliOptionsTest" classname="LucianoPereira.Crucible.Tests.CLI.CliOptionsTest" assertions="6" time="0.001055"/>
      <testcase name="testEveryStopOnSwitchParsesAsATriState" file="tests/unit/CLI/CliOptionsTest.php" line="393" class="LucianoPereira\Crucible\Tests\CLI\CliOptionsTest" classname="LucianoPereira.Crucible.Tests.CLI.CliOptionsTest" assertions="12" time="0.001146"/>
      <testcase name="testTheBlanketOffSwitchesSuppressWhatTheSameCommandLineAsked" file="tests/unit/CLI/CliOptionsTest.php" line="411" class="LucianoPereira\Crucible\Tests\CLI\CliOptionsTest" classname="LucianoPereira.Crucible.Tests.CLI.CliOptionsTest" assertions="11" time="0.001271"/>
      <testcase name="testTheEventStreamTakesThreeIndependentFileTargets" file="tests/unit/CLI/CliOptionsTest.php" line="442" class="LucianoPereira\Crucible\Tests\CLI\CliOptionsTest" classname="LucianoPereira.Crucible.Tests.CLI.CliOptionsTest" assertions="7" time="0.001143"/>
      <testcase name="testTheDependencySwitchesAreATriStateAndIsolationIsRunWide" file="tests/unit/CLI/CliOptionsTest.php" line="464" class="LucianoPereira\Crucible\Tests\CLI\CliOptionsTest" classname="LucianoPereira.Crucible.Tests.CLI.CliOptionsTest" assertions="6" time="0.001325"/>
      <testcase name="testTheCoverageSurfaceAnswersOneQuestionAboutCollecting" file="tests/unit/CLI/CliOptionsTest.php" line="481" class="LucianoPereira\Crucible\Tests\CLI\CliOptionsTest" classname="LucianoPereira.Crucible.Tests.CLI.CliOptionsTest" assertions="15" time="0.002491"/>
      <testcase name="testNoCoverageSuppressesEveryCoverageTargetAndTheFilter" file="tests/unit/CLI/CliOptionsTest.php" line="513" class="LucianoPereira\Crucible\Tests\CLI\CliOptionsTest" classname="LucianoPereira.Crucible.Tests.CLI.CliOptionsTest" assertions="5" time="0.001111"/>
      <testcase name="testIncludePathSplitsOnThePlatformSeparator" file="tests/unit/CLI/CliOptionsTest.php" line="530" class="LucianoPereira\Crucible\Tests\CLI\CliOptionsTest" classname="LucianoPereira.Crucible.Tests.CLI.CliOptionsTest" assertions="2" time="0.001044"/>
      <testcase name="testUselessTestReportingIsOnUntilTurnedOff" file="tests/unit/CLI/CliOptionsTest.php" line="539" class="LucianoPereira\Crucible\Tests\CLI\CliOptionsTest" classname="LucianoPereira.Crucible.Tests.CLI.CliOptionsTest" assertions="2" time="0.001079"/>
      <testcase name="testTheCoverageFloorIsAPercentageNotAnInteger" file="tests/unit/CLI/CliOptionsTest.php" line="545" class="LucianoPereira\Crucible\Tests\CLI\CliOptionsTest" classname="LucianoPereira.Crucible.Tests.CLI.CliOptionsTest" assertions="3" time="0.001163"/>
      <testcase name="testTheCoverageFloorCollectsCoverageOnItsOwn" file="tests/unit/CLI/CliOptionsTest.php" line="552" class="LucianoPereira\Crucible\Tests\CLI\CliOptionsTest" classname="LucianoPereira.Crucible.Tests.CLI.CliOptionsTest" assertions="1" time="0.001059"/>
      <testcase name="testACoverageFloorOutsideZeroToOneHundredIsAnError" file="tests/unit/CLI/CliOptionsTest.php" line="560" class="LucianoPereira\Crucible\Tests\CLI\CliOptionsTest" classname="LucianoPereira.Crucible.Tests.CLI.CliOptionsTest" assertions="3" time="0.000813"/>
      <testcase name="testTheCoverageFloorAndNoCoverageAreMutuallyExclusive" file="tests/unit/CLI/CliOptionsTest.php" line="570" class="LucianoPereira\Crucible\Tests\CLI\CliOptionsTest" classname="LucianoPereira.Crucible.Tests.CLI.CliOptionsTest" assertions="1" time="0.000759"/>
    </testsuite>
    <testsuite name="LucianoPereira\Crucible\Tests\CLI\Commands\CompatCheckCommandTest" file="tests/unit/CLI/Commands/CompatCheckCommandTest.php" tests="5" assertions="15" failures="0" errors="0" skipped="0" time="0.005947">
      <testcase name="testFailsFastWhenPhpUnitIsNotInstalled" file="tests/unit/CLI/Commands/CompatCheckCommandTest.php" line="74" class="LucianoPereira\Crucible\Tests\CLI\Commands\CompatCheckCommandTest" classname="LucianoPereira.Crucible.Tests.CLI.Commands.CompatCheckCommandTest" assertions="2" time="0.001332"/>
      <testcase name="testAnOracleThatRanNothingIsNotAgreement" file="tests/unit/CLI/Commands/CompatCheckCommandTest.php" line="93" class="LucianoPereira\Crucible\Tests\CLI\Commands\CompatCheckCommandTest" classname="LucianoPereira.Crucible.Tests.CLI.Commands.CompatCheckCommandTest" assertions="6" time="0.000810"/>
      <testcase name="testTheCandidateFilesAreScannedForClassesIncludingPestShapedOnes" file="tests/unit/CLI/Commands/CompatCheckCommandTest.php" line="115" class="LucianoPereira\Crucible\Tests\CLI\Commands\CompatCheckCommandTest" classname="LucianoPereira.Crucible.Tests.CLI.Commands.CompatCheckCommandTest" assertions="1" time="0.000971"/>
      <testcase name="testRevertRestoresFilesFromAnExistingManifest" file="tests/unit/CLI/Commands/CompatCheckCommandTest.php" line="151" class="LucianoPereira\Crucible\Tests\CLI\Commands\CompatCheckCommandTest" classname="LucianoPereira.Crucible.Tests.CLI.Commands.CompatCheckCommandTest" assertions="4" time="0.001504"/>
      <testcase name="testRevertWithNothingToRevertIsStillSuccessful" file="tests/unit/CLI/Commands/CompatCheckCommandTest.php" line="174" class="LucianoPereira\Crucible\Tests\CLI\Commands\CompatCheckCommandTest" classname="LucianoPereira.Crucible.Tests.CLI.Commands.CompatCheckCommandTest" assertions="2" time="0.001330"/>
    </testsuite>
    <testsuite name="LucianoPereira\Crucible\Tests\CLI\Commands\CompletionCommandTest" file="tests/unit/CLI/Commands/CompletionCommandTest.php" tests="3" assertions="22" failures="0" errors="0" skipped="0" time="0.007325">
      <testcase name="testEachShellOffersEveryOptionTheParserAccepts" file="tests/unit/CLI/Commands/CompletionCommandTest.php" line="36" class="LucianoPereira\Crucible\Tests\CLI\Commands\CompletionCommandTest" classname="LucianoPereira.Crucible.Tests.CLI.Commands.CompletionCommandTest" assertions="6" time="0.004615"/>
      <testcase name="testTheScriptIsOnlyScript" file="tests/unit/CLI/Commands/CompletionCommandTest.php" line="62" class="LucianoPereira\Crucible\Tests\CLI\Commands\CompletionCommandTest" classname="LucianoPereira.Crucible.Tests.CLI.Commands.CompletionCommandTest" assertions="13" time="0.002114"/>
      <testcase name="testAnUnknownShellIsRefusedWithTheList" file="tests/unit/CLI/Commands/CompletionCommandTest.php" line="80" class="LucianoPereira\Crucible\Tests\CLI\Commands\CompletionCommandTest" classname="LucianoPereira.Crucible.Tests.CLI.Commands.CompletionCommandTest" assertions="3" time="0.000597"/>
    </testsuite>
    <testsuite name="LucianoPereira\Crucible\Tests\CLI\Commands\ExtensionsCommandTest" file="tests/unit/CLI/Commands/ExtensionsCommandTest.php" tests="11" assertions="50" failures="0" errors="0" skipped="0" time="0.048377">
      <testcase name="testListShowsAllThreeKindsWithAKindColumn" file="tests/unit/CLI/Commands/ExtensionsCommandTest.php" line="80" class="LucianoPereira\Crucible\Tests\CLI\Commands\ExtensionsCommandTest" classname="LucianoPereira.Crucible.Tests.CLI.Commands.ExtensionsCommandTest" assertions="11" time="0.006285"/>
      <testcase name="testListJsonTagsEachEntryWithItsKind" file="tests/unit/CLI/Commands/ExtensionsCommandTest.php" line="101" class="LucianoPereira\Crucible\Tests\CLI\Commands\ExtensionsCommandTest" classname="LucianoPereira.Crucible.Tests.CLI.Commands.ExtensionsCommandTest" assertions="7" time="0.002242"/>
      <testcase name="testDetailFindsAReportFormatByKey" file="tests/unit/CLI/Commands/ExtensionsCommandTest.php" line="126" class="LucianoPereira\Crucible\Tests\CLI\Commands\ExtensionsCommandTest" classname="LucianoPereira.Crucible.Tests.CLI.Commands.ExtensionsCommandTest" assertions="3" time="0.002295"/>
[...]
      <testcase name="testAMalformedBodyIsRefusedRatherThanGuessed" file="tests/unit/Watch/RetriggerEndpointTest.php" line="74" class="LucianoPereira\Crucible\Tests\Watch\RetriggerEndpointTest" classname="LucianoPereira.Crucible.Tests.Watch.RetriggerEndpointTest" assertions="1" time="0.000600"/>
      <testcase name="testNonStringEntriesAreDroppedNotCoerced" file="tests/unit/Watch/RetriggerEndpointTest.php" line="82" class="LucianoPereira\Crucible\Tests\Watch\RetriggerEndpointTest" classname="LucianoPereira.Crucible.Tests.Watch.RetriggerEndpointTest" assertions="2" time="0.000623"/>
      <testcase name="testThePayloadCarriesPathsAndNothingCommandShaped" file="tests/unit/Watch/RetriggerEndpointTest.php" line="90" class="LucianoPereira\Crucible\Tests\Watch\RetriggerEndpointTest" classname="LucianoPereira.Crucible.Tests.Watch.RetriggerEndpointTest" assertions="2" time="0.000616"/>
    </testsuite>
    <testsuite name="LucianoPereira\Crucible\Tests\Watch\RetriggerListenerTest" file="tests/unit/Watch/RetriggerListenerTest.php" tests="5" assertions="22" failures="0" errors="0" skipped="0" time="0.116892">
      <testcase name="testTheHotFileIsWrittenWhileListeningAndRemovedOnClose" file="tests/unit/Watch/RetriggerListenerTest.php" line="110" class="LucianoPereira\Crucible\Tests\Watch\RetriggerListenerTest" classname="LucianoPereira.Crucible.Tests.Watch.RetriggerListenerTest" assertions="6" time="0.012038"/>
      <testcase name="testARealPushOverTheSocketReachesTheLoop" file="tests/unit/Watch/RetriggerListenerTest.php" line="130" class="LucianoPereira\Crucible\Tests\Watch\RetriggerListenerTest" classname="LucianoPereira.Crucible.Tests.Watch.RetriggerListenerTest" assertions="4" time="0.001227"/>
      <testcase name="testAPushWithTheWrongTokenIsRefusedOverTheSocket" file="tests/unit/Watch/RetriggerListenerTest.php" line="149" class="LucianoPereira\Crucible\Tests\Watch\RetriggerListenerTest" classname="LucianoPereira.Crucible.Tests.Watch.RetriggerListenerTest" assertions="4" time="0.001136"/>
      <testcase name="testTheShippedNodeProducerPushesThroughTheDocumentedContract" file="tests/unit/Watch/RetriggerListenerTest.php" line="178" class="LucianoPereira\Crucible\Tests\Watch\RetriggerListenerTest" classname="LucianoPereira.Crucible.Tests.Watch.RetriggerListenerTest" assertions="5" time="0.070939"/>
      <testcase name="testAProducerFindingNoHotFileDoesNothing" file="tests/unit/Watch/RetriggerListenerTest.php" line="239" class="LucianoPereira\Crucible\Tests\Watch\RetriggerListenerTest" classname="LucianoPereira.Crucible.Tests.Watch.RetriggerListenerTest" assertions="3" time="0.031553"/>
    </testsuite>
    <testsuite name="LucianoPereira\Crucible\Tests\Watch\WatchSessionTest" file="tests/unit/Watch/WatchSessionTest.php" tests="14" assertions="22" failures="0" errors="0" skipped="0" time="0.015519">
      <testcase name="testAGreenSessionRunsTheAffectedFiles" file="tests/unit/Watch/WatchSessionTest.php" line="24" class="LucianoPereira\Crucible\Tests\Watch\WatchSessionTest" classname="LucianoPereira.Crucible.Tests.Watch.WatchSessionTest" assertions="1" time="0.007352"/>
      <testcase name="testDeletionsWidenToTheFullSuite" file="tests/unit/Watch/WatchSessionTest.php" line="31" class="LucianoPereira\Crucible\Tests\Watch\WatchSessionTest" classname="LucianoPereira.Crucible.Tests.Watch.WatchSessionTest" assertions="1" time="0.000567"/>
      <testcase name="testNonPhpChangesWidenToTheFullSuite" file="tests/unit/Watch/WatchSessionTest.php" line="36" class="LucianoPereira\Crucible\Tests\Watch\WatchSessionTest" classname="LucianoPereira.Crucible.Tests.Watch.WatchSessionTest" assertions="1" time="0.000604"/>
      <testcase name="testAFileADeclaredRuleNamesRunsRelatedNotFull" file="tests/unit/Watch/WatchSessionTest.php" line="41" class="LucianoPereira\Crucible\Tests\Watch\WatchSessionTest" classname="LucianoPereira.Crucible.Tests.Watch.WatchSessionTest" assertions="2" time="0.000793"/>
      <testcase name="testAFileNoRuleNamesStillWidens" file="tests/unit/Watch/WatchSessionTest.php" line="52" class="LucianoPereira\Crucible\Tests\Watch\WatchSessionTest" classname="LucianoPereira.Crucible.Tests.Watch.WatchSessionTest" assertions="1" time="0.000639"/>
      <testcase name="testARuleDoesNotRescueADeletion" file="tests/unit/Watch/WatchSessionTest.php" line="59" class="LucianoPereira\Crucible\Tests\Watch\WatchSessionTest" classname="LucianoPereira.Crucible.Tests.Watch.WatchSessionTest" assertions="1" time="0.000580"/>
      <testcase name="testAJsChangeUnderAVitestSuiteRunsRelatedNotFull" file="tests/unit/Watch/WatchSessionTest.php" line="68" class="LucianoPereira\Crucible\Tests\Watch\WatchSessionTest" classname="LucianoPereira.Crucible.Tests.Watch.WatchSessionTest" assertions="2" time="0.000627"/>
      <testcase name="testANonPhpChangeOutsideEveryVitestSuiteStillWidensToFull" file="tests/unit/Watch/WatchSessionTest.php" line="78" class="LucianoPereira\Crucible\Tests\Watch\WatchSessionTest" classname="LucianoPereira.Crucible.Tests.Watch.WatchSessionTest" assertions="1" time="0.000670"/>
      <testcase name="testTheFailedSetIsStickyAcrossChanges" file="tests/unit/Watch/WatchSessionTest.php" line="85" class="LucianoPereira\Crucible\Tests\Watch\WatchSessionTest" classname="LucianoPereira.Crucible.Tests.Watch.WatchSessionTest" assertions="2" time="0.000613"/>
      <testcase name="testAGreenPartialRunAfterRedEarnsOneFullConfirmation" file="tests/unit/Watch/WatchSessionTest.php" line="103" class="LucianoPereira\Crucible\Tests\Watch\WatchSessionTest" classname="LucianoPereira.Crucible.Tests.Watch.WatchSessionTest" assertions="4" time="0.000682"/>
      <testcase name="testAGreenPartialRunWithoutPriorFailuresNeedsNoConfirmation" file="tests/unit/Watch/WatchSessionTest.php" line="121" class="LucianoPereira\Crucible\Tests\Watch\WatchSessionTest" classname="LucianoPereira.Crucible.Tests.Watch.WatchSessionTest" assertions="1" time="0.000588"/>
      <testcase name="testAStillRedRunWaitsInsteadOfLooping" file="tests/unit/Watch/WatchSessionTest.php" line="130" class="LucianoPereira\Crucible\Tests\Watch\WatchSessionTest" classname="LucianoPereira.Crucible.Tests.Watch.WatchSessionTest" assertions="2" time="0.000629"/>
      <testcase name="testTheFailedOnlyRunIsNullWhenGreen" file="tests/unit/Watch/WatchSessionTest.php" line="140" class="LucianoPereira\Crucible\Tests\Watch\WatchSessionTest" classname="LucianoPereira.Crucible.Tests.Watch.WatchSessionTest" assertions="1" time="0.000529"/>
      <testcase name="testTheFailedOnlyRunTargetsExactlyTheFailedFiles" file="tests/unit/Watch/WatchSessionTest.php" line="145" class="LucianoPereira\Crucible\Tests\Watch\WatchSessionTest" classname="LucianoPereira.Crucible.Tests.Watch.WatchSessionTest" assertions="2" time="0.000645"/>
    </testsuite>
    <testsuite name="LucianoPereira\Crucible\Examples\PhpUnitDialect\CalculatorTest" file="examples/01-phpunit-dialect/CalculatorTest.php" tests="6" assertions="6" failures="0" errors="0" skipped="0" time="0.003992">
      <testcase name="testAddsTwoNumbers" file="examples/01-phpunit-dialect/CalculatorTest.php" line="31" class="LucianoPereira\Crucible\Examples\PhpUnitDialect\CalculatorTest" classname="LucianoPereira.Crucible.Examples.PhpUnitDialect.CalculatorTest" assertions="1" time="0.001513"/>
      <testcase name="testSumsAList with data set &quot;empty&quot;" file="examples/01-phpunit-dialect/CalculatorTest.php" line="50" class="LucianoPereira\Crucible\Examples\PhpUnitDialect\CalculatorTest" classname="LucianoPereira.Crucible.Examples.PhpUnitDialect.CalculatorTest" assertions="1" time="0.000502"/>
      <testcase name="testSumsAList with data set &quot;one item&quot;" file="examples/01-phpunit-dialect/CalculatorTest.php" line="50" class="LucianoPereira\Crucible\Examples\PhpUnitDialect\CalculatorTest" classname="LucianoPereira.Crucible.Examples.PhpUnitDialect.CalculatorTest" assertions="1" time="0.000494"/>
      <testcase name="testSumsAList with data set &quot;several&quot;" file="examples/01-phpunit-dialect/CalculatorTest.php" line="50" class="LucianoPereira\Crucible\Examples\PhpUnitDialect\CalculatorTest" classname="LucianoPereira.Crucible.Examples.PhpUnitDialect.CalculatorTest" assertions="1" time="0.000492"/>
      <testcase name="testMultiplies" file="examples/01-phpunit-dialect/CalculatorTest.php" line="60" class="LucianoPereira\Crucible\Examples\PhpUnitDialect\CalculatorTest" classname="LucianoPereira.Crucible.Examples.PhpUnitDialect.CalculatorTest" assertions="1" time="0.000496"/>
      <testcase name="testUsesTheProductOfItsDependency" file="examples/01-phpunit-dialect/CalculatorTest.php" line="75" class="LucianoPereira\Crucible\Examples\PhpUnitDialect\CalculatorTest" classname="LucianoPereira.Crucible.Examples.PhpUnitDialect.CalculatorTest" assertions="1" time="0.000496"/>
    </testsuite>
    <testsuite name="examples.02-pest-dialect.basics.pest" file="examples/02-pest-dialect/basics.pest.php" tests="16" assertions="24" failures="0" errors="0" skipped="0" time="0.017051">
      <testcase name="a test is a description and a closure" file="examples/02-pest-dialect/basics.pest.php" line="0" class="examples.02-pest-dialect.basics.pest" classname="examples.02-pest-dialect.basics.pest" assertions="1" time="0.003157"/>
      <testcase name="it rounds up" file="examples/02-pest-dialect/basics.pest.php" line="0" class="examples.02-pest-dialect.basics.pest" classname="examples.02-pest-dialect.basics.pest" assertions="1" time="0.000911"/>
      <testcase name="expectations &gt; it chains" file="examples/02-pest-dialect/basics.pest.php" line="0" class="examples.02-pest-dialect.basics.pest" classname="examples.02-pest-dialect.basics.pest" assertions="3" time="0.000993"/>
      <testcase name="expectations &gt; it negates with not" file="examples/02-pest-dialect/basics.pest.php" line="0" class="examples.02-pest-dialect.basics.pest" classname="examples.02-pest-dialect.basics.pest" assertions="3" time="0.001064"/>
      <testcase name="expectations &gt; it reaches into values with higher-order expectations" file="examples/02-pest-dialect/basics.pest.php" line="0" class="examples.02-pest-dialect.basics.pest" classname="examples.02-pest-dialect.basics.pest" assertions="3" time="0.001070"/>
      <testcase name="hooks &gt; it sees the value the hook set" file="examples/02-pest-dialect/basics.pest.php" line="0" class="examples.02-pest-dialect.basics.pest" classname="examples.02-pest-dialect.basics.pest" assertions="1" time="0.000868"/>
      <testcase name="hooks &gt; it sees it again, freshly" file="examples/02-pest-dialect/basics.pest.php" line="0" class="examples.02-pest-dialect.basics.pest" classname="examples.02-pest-dialect.basics.pest" assertions="1" time="0.000855"/>
      <testcase name="it uppercases with data set &quot;lowercase&quot;" file="examples/02-pest-dialect/basics.pest.php" line="0" class="examples.02-pest-dialect.basics.pest" classname="examples.02-pest-dialect.basics.pest" assertions="1" time="0.000981"/>
      <testcase name="it uppercases with data set &quot;mixed&quot;" file="examples/02-pest-dialect/basics.pest.php" line="0" class="examples.02-pest-dialect.basics.pest" classname="examples.02-pest-dialect.basics.pest" assertions="1" time="0.000861"/>
      <testcase name="it uppercases with data set &quot;already&quot;" file="examples/02-pest-dialect/basics.pest.php" line="0" class="examples.02-pest-dialect.basics.pest" classname="examples.02-pest-dialect.basics.pest" assertions="1" time="0.000860"/>
      <testcase name="it adds any two positives with data set &quot;0 / 0&quot;" file="examples/02-pest-dialect/basics.pest.php" line="0" class="examples.02-pest-dialect.basics.pest" classname="examples.02-pest-dialect.basics.pest" assertions="1" time="0.000861"/>
      <testcase name="it adds any two positives with data set &quot;0 / 1&quot;" file="examples/02-pest-dialect/basics.pest.php" line="0" class="examples.02-pest-dialect.basics.pest" classname="examples.02-pest-dialect.basics.pest" assertions="1" time="0.000914"/>
      <testcase name="it adds any two positives with data set &quot;1 / 0&quot;" file="examples/02-pest-dialect/basics.pest.php" line="0" class="examples.02-pest-dialect.basics.pest" classname="examples.02-pest-dialect.basics.pest" assertions="1" time="0.000860"/>
      <testcase name="it adds any two positives with data set &quot;1 / 1&quot;" file="examples/02-pest-dialect/basics.pest.php" line="0" class="examples.02-pest-dialect.basics.pest" classname="examples.02-pest-dialect.basics.pest" assertions="1" time="0.000860"/>
      <testcase name="it fails on purpose" file="examples/02-pest-dialect/basics.pest.php" line="0" class="examples.02-pest-dialect.basics.pest" classname="examples.02-pest-dialect.basics.pest" assertions="2" time="0.000911"/>
      <testcase name="it belongs to a group" file="examples/02-pest-dialect/basics.pest.php" line="0" class="examples.02-pest-dialect.basics.pest" classname="examples.02-pest-dialect.basics.pest" assertions="2" time="0.001024"/>
    </testsuite>
    <testsuite name="LucianoPereira\Crucible\Examples\Doubles\Gateway" file="examples/03-doubles/PaymentsTest.php" tests="4" assertions="5" failures="0" errors="0" skipped="0" time="0.005967">
      <testcase name="testAStubAnswersWithoutBeingVerified" file="examples/03-doubles/PaymentsTest.php" line="44" class="LucianoPereira\Crucible\Examples\Doubles\Gateway" classname="LucianoPereira.Crucible.Examples.Doubles.Gateway" assertions="1" time="0.003038"/>
      <testcase name="testAMockVerifiesHowItWasCalled" file="examples/03-doubles/PaymentsTest.php" line="53" class="LucianoPereira\Crucible\Examples\Doubles\Gateway" classname="LucianoPereira.Crucible.Examples.Doubles.Gateway" assertions="1" time="0.001131"/>
      <testcase name="testUnconfiguredMethodsReturnUsableDefaults" file="examples/03-doubles/PaymentsTest.php" line="70" class="LucianoPereira\Crucible\Examples\Doubles\Gateway" classname="LucianoPereira.Crucible.Examples.Doubles.Gateway" assertions="1" time="0.000844"/>
      <testcase name="testConsecutiveCallsCanDifferentiate" file="examples/03-doubles/PaymentsTest.php" line="79" class="LucianoPereira\Crucible\Examples\Doubles\Gateway" classname="LucianoPereira.Crucible.Examples.Doubles.Gateway" assertions="2" time="0.000954"/>
    </testsuite>
    <testsuite name="examples.04-architecture.rules.pest" file="examples/04-architecture/rules.pest.php" tests="4" assertions="12" failures="0" errors="0" skipped="0" time="0.018741">
      <testcase name="every event object declares strict types" file="examples/04-architecture/rules.pest.php" line="0" class="examples.04-architecture.rules.pest" classname="examples.04-architecture.rules.pest" assertions="3" time="0.004222"/>
      <testcase name="the impact tier does not reach the browser tier" file="examples/04-architecture/rules.pest.php" line="0" class="examples.04-architecture.rules.pest" classname="examples.04-architecture.rules.pest" assertions="3" time="0.004211"/>
      <testcase name="the retrigger endpoint stays inside the watch tier" file="examples/04-architecture/rules.pest.php" line="0" class="examples.04-architecture.rules.pest" classname="examples.04-architecture.rules.pest" assertions="3" time="0.006447"/>
      <testcase name="impact value objects are immutable" file="examples/04-architecture/rules.pest.php" line="0" class="examples.04-architecture.rules.pest" classname="examples.04-architecture.rules.pest" assertions="3" time="0.003861"/>
    </testsuite>
    <testsuite name="examples.05-shapes.shapes.pest" file="examples/05-shapes/shapes.pest.php" tests="3" assertions="106" failures="0" errors="0" skipped="0" time="0.080099">
      <testcase name="it states the shape of a value once, for the run and for the analyser" file="examples/05-shapes/shapes.pest.php" line="0" class="examples.05-shapes.shapes.pest" classname="examples.05-shapes.shapes.pest" assertions="2" time="0.003126"/>
      <testcase name="it names where a value stops fitting" file="examples/05-shapes/shapes.pest.php" line="0" class="examples.05-shapes.shapes.pest" classname="examples.05-shapes.shapes.pest" assertions="3" time="0.001640"/>
      <testcase name="draws data from the same type" file="examples/05-shapes/shapes.pest.php" line="0" class="examples.05-shapes.shapes.pest" classname="examples.05-shapes.shapes.pest" assertions="101" time="0.075333"/>
    </testsuite>
    <testsuite name="LucianoPereira\Crucible\Examples\Equivalent\Inventory" file="examples/06-equivalent-mutants/InventoryTest.php" tests="2" assertions="3" failures="0" errors="0" skipped="0" time="0.002136">
      <testcase name="testFirstIsTheFirstItemOrNull" file="examples/06-equivalent-mutants/InventoryTest.php" line="49" class="LucianoPereira\Crucible\Examples\Equivalent\Inventory" classname="LucianoPereira.Crucible.Examples.Equivalent.Inventory" assertions="2" time="0.001600"/>
      <testcase name="testRestockReturnsTheCount" file="examples/06-equivalent-mutants/InventoryTest.php" line="57" class="LucianoPereira\Crucible\Examples\Equivalent\Inventory" classname="LucianoPereira.Crucible.Examples.Equivalent.Inventory" assertions="1" time="0.000536"/>
    </testsuite>
    <testsuite name="LucianoPereira\Crucible\Reporting\PrettyName" file="src/Reporting/PrettyName.php" tests="2" assertions="2" failures="0" errors="0" skipped="0" time="0.000936">
      <testcase name="PrettyName::ofFile with data set &quot;check 1&quot;" file="src/Reporting/PrettyName.php" line="0" class="LucianoPereira\Crucible\Reporting\PrettyName" classname="LucianoPereira.Crucible.Reporting.PrettyName" assertions="1" time="0.000456"/>
      <testcase name="PrettyName::ofFile with data set &quot;a file just called Test keeps its name&quot;" file="src/Reporting/PrettyName.php" line="0" class="LucianoPereira\Crucible\Reporting\PrettyName" classname="LucianoPereira.Crucible.Reporting.PrettyName" assertions="1" time="0.000480"/>
    </testsuite>
    <testsuite name="LucianoPereira\Crucible\Test\TestId" file="src/Test/TestId.php" tests="2" assertions="2" failures="0" errors="0" skipped="0" time="0.001004">
      <testcase name="TestId::fromString with data set &quot;crucible 1&quot;" file="src/Test/TestId.php" line="0" class="LucianoPereira\Crucible\Test\TestId" classname="LucianoPereira.Crucible.Test.TestId" assertions="1" time="0.000521"/>
      <testcase name="TestId::fromString with data set &quot;crucible 2&quot;" file="src/Test/TestId.php" line="0" class="LucianoPereira\Crucible\Test\TestId" classname="LucianoPereira.Crucible.Test.TestId" assertions="1" time="0.000484"/>
    </testsuite>
    <testsuite name="LucianoPereira\Crucible\Tests\Runner\Process\WorkerTimingTest" file="tests/unit/Runner/Process/WorkerTimingTest.php" tests="1" assertions="1" failures="0" errors="0" skipped="0" time="1.428260">
      <testcase name="testAWorkerDoesNotTimeItsTestsThroughXdebug" file="tests/unit/Runner/Process/WorkerTimingTest.php" line="33" class="LucianoPereira\Crucible\Tests\Runner\Process\WorkerTimingTest" classname="LucianoPereira.Crucible.Tests.Runner.Process.WorkerTimingTest" assertions="1" time="1.428260"/>
    </testsuite>
    <testsuite name="examples.07-type-tests.ids.types" file="examples/07-type-tests/ids.types.php" tests="2" assertions="0" failures="0" errors="0" skipped="0" time="1.505420">
      <testcase name="line 21: list&lt;int&gt;" file="examples/07-type-tests/ids.types.php" line="0" class="examples.07-type-tests.ids.types" classname="examples.07-type-tests.ids.types" assertions="0" time="0.752710"/>
      <testcase name="line 23: type error binaryOp.invalid" file="examples/07-type-tests/ids.types.php" line="0" class="examples.07-type-tests.ids.types" classname="examples.07-type-tests.ids.types" assertions="0" time="0.752710"/>
    </testsuite>
  </testsuite>
</testsuites>
